<?xml version="1.0" encoding="UTF-8"?>
<testsuite xmlns:xsi="http://www.w3.org/2001/XMLSchema-instance" xsi:noNamespaceSchemaLocation="https://maven.apache.org/surefire/maven-surefire-plugin/xsd/surefire-test-report-3.0.xsd" version="3.0" name="tests.DockerChromeLab4_4Test" time="8.305" tests="1" errors="1" skipped="0" failures="0">
  <properties>
    <property name="java.specification.version" value="17"/>
    <property name="sun.jnu.encoding" value="UTF-8"/>
    <property name="java.class.path" value="/Users/robertocastro/Desktop/Universidade/3Ano/2Semestre/TQS/Praticas/TQS_107133/lab4/lab4_3/PageObjectPattern/target/test-classes:/Users/robertocastro/Desktop/Universidade/3Ano/2Semestre/TQS/Praticas/TQS_107133/lab4/lab4_3/PageObjectPattern/target/classes:/Users/robertocastro/.m2/repository/ch/qos/logback/logback-classic/1.5.3/logback-classic-1.5.3.jar:/Users/robertocastro/.m2/repository/ch/qos/logback/logback-core/1.5.3/logback-core-1.5.3.jar:/Users/robertocastro/.m2/repository/org/slf4j/slf4j-api/2.0.12/slf4j-api-2.0.12.jar:/Users/robertocastro/.m2/repository/org/assertj/assertj-core/3.25.3/assertj-core-3.25.3.jar:/Users/robertocastro/.m2/repository/net/bytebuddy/byte-buddy/1.14.11/byte-buddy-1.14.11.jar:/Users/robertocastro/.m2/repository/org/junit/jupiter/junit-jupiter/5.10.2/junit-jupiter-5.10.2.jar:/Users/robertocastro/.m2/repository/org/junit/jupiter/junit-jupiter-api/5.10.2/junit-jupiter-api-5.10.2.jar:/Users/robertocastro/.m2/repository/org/opentest4j/opentest4j/1.3.0/opentest4j-1.3.0.jar:/Users/robertocastro/.m2/repository/org/junit/platform/junit-platform-commons/1.10.2/junit-platform-commons-1.10.2.jar:/Users/robertocastro/.m2/repository/org/apiguardian/apiguardian-api/1.1.2/apiguardian-api-1.1.2.jar:/Users/robertocastro/.m2/repository/org/junit/jupiter/junit-jupiter-params/5.10.2/junit-jupiter-params-5.10.2.jar:/Users/robertocastro/.m2/repository/org/junit/jupiter/junit-jupiter-engine/5.10.2/junit-jupiter-engine-5.10.2.jar:/Users/robertocastro/.m2/repository/org/junit/platform/junit-platform-engine/1.10.2/junit-platform-engine-1.10.2.jar:/Users/robertocastro/.m2/repository/org/seleniumhq/selenium/selenium-java/4.18.1/selenium-java-4.18.1.jar:/Users/robertocastro/.m2/repository/org/seleniumhq/selenium/selenium-api/4.18.1/selenium-api-4.18.1.jar:/Users/robertocastro/.m2/repository/org/seleniumhq/selenium/selenium-chrome-driver/4.18.1/selenium-chrome-driver-4.18.1.jar:/Users/robertocastro/.m2/repository/com/google/auto/service/auto-service-annotations/1.1.1/auto-service-annotations-1.1.1.jar:/Users/robertocastro/.m2/repository/org/seleniumhq/selenium/selenium-chromium-driver/4.18.1/selenium-chromium-driver-4.18.1.jar:/Users/robertocastro/.m2/repository/org/seleniumhq/selenium/selenium-json/4.18.1/selenium-json-4.18.1.jar:/Users/robertocastro/.m2/repository/org/seleniumhq/selenium/selenium-manager/4.18.1/selenium-manager-4.18.1.jar:/Users/robertocastro/.m2/repository/org/seleniumhq/selenium/selenium-devtools-v120/4.18.1/selenium-devtools-v120-4.18.1.jar:/Users/robertocastro/.m2/repository/org/seleniumhq/selenium/selenium-devtools-v121/4.18.1/selenium-devtools-v121-4.18.1.jar:/Users/robertocastro/.m2/repository/org/seleniumhq/selenium/selenium-devtools-v122/4.18.1/selenium-devtools-v122-4.18.1.jar:/Users/robertocastro/.m2/repository/org/seleniumhq/selenium/selenium-devtools-v85/4.18.1/selenium-devtools-v85-4.18.1.jar:/Users/robertocastro/.m2/repository/org/seleniumhq/selenium/selenium-edge-driver/4.18.1/selenium-edge-driver-4.18.1.jar:/Users/robertocastro/.m2/repository/org/seleniumhq/selenium/selenium-firefox-driver/4.18.1/selenium-firefox-driver-4.18.1.jar:/Users/robertocastro/.m2/repository/org/seleniumhq/selenium/selenium-http/4.18.1/selenium-http-4.18.1.jar:/Users/robertocastro/.m2/repository/dev/failsafe/failsafe/3.3.2/failsafe-3.3.2.jar:/Users/robertocastro/.m2/repository/org/seleniumhq/selenium/selenium-ie-driver/4.18.1/selenium-ie-driver-4.18.1.jar:/Users/robertocastro/.m2/repository/org/seleniumhq/selenium/selenium-remote-driver/4.18.1/selenium-remote-driver-4.18.1.jar:/Users/robertocastro/.m2/repository/com/google/guava/guava/33.0.0-jre/guava-33.0.0-jre.jar:/Users/robertocastro/.m2/repository/com/google/guava/failureaccess/1.0.2/failureaccess-1.0.2.jar:/Users/robertocastro/.m2/repository/com/google/guava/listenablefuture/9999.0-empty-to-avoid-conflict-with-guava/listenablefuture-9999.0-empty-to-avoid-conflict-with-guava.jar:/Users/robertocastro/.m2/repository/com/google/code/findbugs/jsr305/3.0.2/jsr305-3.0.2.jar:/Users/robertocastro/.m2/repository/org/checkerframework/checker-qual/3.41.0/checker-qual-3.41.0.jar:/Users/robertocastro/.m2/repository/com/google/errorprone/error_prone_annotations/2.23.0/error_prone_annotations-2.23.0.jar:/Users/robertocastro/.m2/repository/com/google/j2objc/j2objc-annotations/2.8/j2objc-annotations-2.8.jar:/Users/robertocastro/.m2/repository/io/opentelemetry/semconv/opentelemetry-semconv/1.23.1-alpha/opentelemetry-semconv-1.23.1-alpha.jar:/Users/robertocastro/.m2/repository/io/opentelemetry/opentelemetry-api/1.35.0/opentelemetry-api-1.35.0.jar:/Users/robertocastro/.m2/repository/io/opentelemetry/opentelemetry-context/1.35.0/opentelemetry-context-1.35.0.jar:/Users/robertocastro/.m2/repository/io/opentelemetry/opentelemetry-exporter-logging/1.35.0/opentelemetry-exporter-logging-1.35.0.jar:/Users/robertocastro/.m2/repository/io/opentelemetry/opentelemetry-sdk-common/1.35.0/opentelemetry-sdk-common-1.35.0.jar:/Users/robertocastro/.m2/repository/io/opentelemetry/opentelemetry-sdk-extension-autoconfigure-spi/1.35.0/opentelemetry-sdk-extension-autoconfigure-spi-1.35.0.jar:/Users/robertocastro/.m2/repository/io/opentelemetry/opentelemetry-sdk-extension-autoconfigure/1.35.0/opentelemetry-sdk-extension-autoconfigure-1.35.0.jar:/Users/robertocastro/.m2/repository/io/opentelemetry/opentelemetry-api-events/1.35.0-alpha/opentelemetry-api-events-1.35.0-alpha.jar:/Users/robertocastro/.m2/repository/io/opentelemetry/opentelemetry-sdk-trace/1.35.0/opentelemetry-sdk-trace-1.35.0.jar:/Users/robertocastro/.m2/repository/io/opentelemetry/opentelemetry-extension-incubator/1.35.0-alpha/opentelemetry-extension-incubator-1.35.0-alpha.jar:/Users/robertocastro/.m2/repository/io/opentelemetry/opentelemetry-sdk/1.35.0/opentelemetry-sdk-1.35.0.jar:/Users/robertocastro/.m2/repository/io/opentelemetry/opentelemetry-sdk-metrics/1.35.0/opentelemetry-sdk-metrics-1.35.0.jar:/Users/robertocastro/.m2/repository/io/opentelemetry/opentelemetry-sdk-logs/1.35.0/opentelemetry-sdk-logs-1.35.0.jar:/Users/robertocastro/.m2/repository/org/seleniumhq/selenium/selenium-os/4.18.1/selenium-os-4.18.1.jar:/Users/robertocastro/.m2/repository/org/apache/commons/commons-exec/1.3/commons-exec-1.3.jar:/Users/robertocastro/.m2/repository/org/seleniumhq/selenium/selenium-safari-driver/4.18.1/selenium-safari-driver-4.18.1.jar:/Users/robertocastro/.m2/repository/org/seleniumhq/selenium/selenium-support/4.18.1/selenium-support-4.18.1.jar:/Users/robertocastro/.m2/repository/io/github/bonigarcia/selenium-jupiter/5.1.0/selenium-jupiter-5.1.0.jar:/Users/robertocastro/.m2/repository/io/github/bonigarcia/webdrivermanager/5.7.0/webdrivermanager-5.7.0.jar:/Users/robertocastro/.m2/repository/com/google/code/gson/gson/2.10.1/gson-2.10.1.jar:/Users/robertocastro/.m2/repository/com/github/docker-java/docker-java/3.3.5/docker-java-3.3.5.jar:/Users/robertocastro/.m2/repository/com/github/docker-java/docker-java-core/3.3.5/docker-java-core-3.3.5.jar:/Users/robertocastro/.m2/repository/com/github/docker-java/docker-java-api/3.3.5/docker-java-api-3.3.5.jar:/Users/robertocastro/.m2/repository/com/fasterxml/jackson/core/jackson-annotations/2.10.3/jackson-annotations-2.10.3.jar:/Users/robertocastro/.m2/repository/com/fasterxml/jackson/core/jackson-databind/2.10.3/jackson-databind-2.10.3.jar:/Users/robertocastro/.m2/repository/com/fasterxml/jackson/core/jackson-core/2.10.3/jackson-core-2.10.3.jar:/Users/robertocastro/.m2/repository/org/bouncycastle/bcpkix-jdk18on/1.76/bcpkix-jdk18on-1.76.jar:/Users/robertocastro/.m2/repository/org/bouncycastle/bcprov-jdk18on/1.76/bcprov-jdk18on-1.76.jar:/Users/robertocastro/.m2/repository/org/bouncycastle/bcutil-jdk18on/1.76/bcutil-jdk18on-1.76.jar:/Users/robertocastro/.m2/repository/org/slf4j/jcl-over-slf4j/1.7.30/jcl-over-slf4j-1.7.30.jar:/Users/robertocastro/.m2/repository/com/github/docker-java/docker-java-transport-httpclient5/3.3.5/docker-java-transport-httpclient5-3.3.5.jar:/Users/robertocastro/.m2/repository/com/github/docker-java/docker-java-transport/3.3.5/docker-java-transport-3.3.5.jar:/Users/robertocastro/.m2/repository/net/java/dev/jna/jna/5.13.0/jna-5.13.0.jar:/Users/robertocastro/.m2/repository/org/brotli/dec/0.1.2/dec-0.1.2.jar:/Users/robertocastro/.m2/repository/org/apache/commons/commons-lang3/3.14.0/commons-lang3-3.14.0.jar:/Users/robertocastro/.m2/repository/org/apache/commons/commons-compress/1.26.0/commons-compress-1.26.0.jar:/Users/robertocastro/.m2/repository/commons-io/commons-io/2.15.1/commons-io-2.15.1.jar:/Users/robertocastro/.m2/repository/org/apache/httpcomponents/client5/httpclient5/5.2.1/httpclient5-5.2.1.jar:/Users/robertocastro/.m2/repository/org/apache/httpcomponents/core5/httpcore5/5.2/httpcore5-5.2.jar:/Users/robertocastro/.m2/repository/org/apache/httpcomponents/core5/httpcore5-h2/5.2/httpcore5-h2-5.2.jar:"/>
    <property name="java.vm.vendor" value="Eclipse Adoptium"/>
    <property name="sun.arch.data.model" value="64"/>
    <property name="java.vendor.url" value="https://adoptium.net/"/>
    <property name="user.timezone" value="Europe/Lisbon"/>
    <property name="os.name" value="Mac OS X"/>
    <property name="java.vm.specification.version" value="17"/>
    <property name="sun.java.launcher" value="SUN_STANDARD"/>
    <property name="user.country" value="PT"/>
    <property name="sun.boot.library.path" value="/Library/Java/JavaVirtualMachines/temurin-17.jdk/Contents/Home/lib"/>
    <property name="sun.java.command" value="/Users/robertocastro/Desktop/Universidade/3Ano/2Semestre/TQS/Praticas/TQS_107133/lab4/lab4_3/PageObjectPattern/target/surefire/surefirebooter-20240313173308115_3.jar /Users/robertocastro/Desktop/Universidade/3Ano/2Semestre/TQS/Praticas/TQS_107133/lab4/lab4_3/PageObjectPattern/target/surefire 2024-03-13T17-33-08_068-jvmRun1 surefire-20240313173308115_1tmp surefire_0-20240313173308115_2tmp"/>
    <property name="http.nonProxyHosts" value="local|*.local|169.254/16|*.169.254/16"/>
    <property name="jdk.debug" value="release"/>
    <property name="surefire.test.class.path" value="/Users/robertocastro/Desktop/Universidade/3Ano/2Semestre/TQS/Praticas/TQS_107133/lab4/lab4_3/PageObjectPattern/target/test-classes:/Users/robertocastro/Desktop/Universidade/3Ano/2Semestre/TQS/Praticas/TQS_107133/lab4/lab4_3/PageObjectPattern/target/classes:/Users/robertocastro/.m2/repository/ch/qos/logback/logback-classic/1.5.3/logback-classic-1.5.3.jar:/Users/robertocastro/.m2/repository/ch/qos/logback/logback-core/1.5.3/logback-core-1.5.3.jar:/Users/robertocastro/.m2/repository/org/slf4j/slf4j-api/2.0.12/slf4j-api-2.0.12.jar:/Users/robertocastro/.m2/repository/org/assertj/assertj-core/3.25.3/assertj-core-3.25.3.jar:/Users/robertocastro/.m2/repository/net/bytebuddy/byte-buddy/1.14.11/byte-buddy-1.14.11.jar:/Users/robertocastro/.m2/repository/org/junit/jupiter/junit-jupiter/5.10.2/junit-jupiter-5.10.2.jar:/Users/robertocastro/.m2/repository/org/junit/jupiter/junit-jupiter-api/5.10.2/junit-jupiter-api-5.10.2.jar:/Users/robertocastro/.m2/repository/org/opentest4j/opentest4j/1.3.0/opentest4j-1.3.0.jar:/Users/robertocastro/.m2/repository/org/junit/platform/junit-platform-commons/1.10.2/junit-platform-commons-1.10.2.jar:/Users/robertocastro/.m2/repository/org/apiguardian/apiguardian-api/1.1.2/apiguardian-api-1.1.2.jar:/Users/robertocastro/.m2/repository/org/junit/jupiter/junit-jupiter-params/5.10.2/junit-jupiter-params-5.10.2.jar:/Users/robertocastro/.m2/repository/org/junit/jupiter/junit-jupiter-engine/5.10.2/junit-jupiter-engine-5.10.2.jar:/Users/robertocastro/.m2/repository/org/junit/platform/junit-platform-engine/1.10.2/junit-platform-engine-1.10.2.jar:/Users/robertocastro/.m2/repository/org/seleniumhq/selenium/selenium-java/4.18.1/selenium-java-4.18.1.jar:/Users/robertocastro/.m2/repository/org/seleniumhq/selenium/selenium-api/4.18.1/selenium-api-4.18.1.jar:/Users/robertocastro/.m2/repository/org/seleniumhq/selenium/selenium-chrome-driver/4.18.1/selenium-chrome-driver-4.18.1.jar:/Users/robertocastro/.m2/repository/com/google/auto/service/auto-service-annotations/1.1.1/auto-service-annotations-1.1.1.jar:/Users/robertocastro/.m2/repository/org/seleniumhq/selenium/selenium-chromium-driver/4.18.1/selenium-chromium-driver-4.18.1.jar:/Users/robertocastro/.m2/repository/org/seleniumhq/selenium/selenium-json/4.18.1/selenium-json-4.18.1.jar:/Users/robertocastro/.m2/repository/org/seleniumhq/selenium/selenium-manager/4.18.1/selenium-manager-4.18.1.jar:/Users/robertocastro/.m2/repository/org/seleniumhq/selenium/selenium-devtools-v120/4.18.1/selenium-devtools-v120-4.18.1.jar:/Users/robertocastro/.m2/repository/org/seleniumhq/selenium/selenium-devtools-v121/4.18.1/selenium-devtools-v121-4.18.1.jar:/Users/robertocastro/.m2/repository/org/seleniumhq/selenium/selenium-devtools-v122/4.18.1/selenium-devtools-v122-4.18.1.jar:/Users/robertocastro/.m2/repository/org/seleniumhq/selenium/selenium-devtools-v85/4.18.1/selenium-devtools-v85-4.18.1.jar:/Users/robertocastro/.m2/repository/org/seleniumhq/selenium/selenium-edge-driver/4.18.1/selenium-edge-driver-4.18.1.jar:/Users/robertocastro/.m2/repository/org/seleniumhq/selenium/selenium-firefox-driver/4.18.1/selenium-firefox-driver-4.18.1.jar:/Users/robertocastro/.m2/repository/org/seleniumhq/selenium/selenium-http/4.18.1/selenium-http-4.18.1.jar:/Users/robertocastro/.m2/repository/dev/failsafe/failsafe/3.3.2/failsafe-3.3.2.jar:/Users/robertocastro/.m2/repository/org/seleniumhq/selenium/selenium-ie-driver/4.18.1/selenium-ie-driver-4.18.1.jar:/Users/robertocastro/.m2/repository/org/seleniumhq/selenium/selenium-remote-driver/4.18.1/selenium-remote-driver-4.18.1.jar:/Users/robertocastro/.m2/repository/com/google/guava/guava/33.0.0-jre/guava-33.0.0-jre.jar:/Users/robertocastro/.m2/repository/com/google/guava/failureaccess/1.0.2/failureaccess-1.0.2.jar:/Users/robertocastro/.m2/repository/com/google/guava/listenablefuture/9999.0-empty-to-avoid-conflict-with-guava/listenablefuture-9999.0-empty-to-avoid-conflict-with-guava.jar:/Users/robertocastro/.m2/repository/com/google/code/findbugs/jsr305/3.0.2/jsr305-3.0.2.jar:/Users/robertocastro/.m2/repository/org/checkerframework/checker-qual/3.41.0/checker-qual-3.41.0.jar:/Users/robertocastro/.m2/repository/com/google/errorprone/error_prone_annotations/2.23.0/error_prone_annotations-2.23.0.jar:/Users/robertocastro/.m2/repository/com/google/j2objc/j2objc-annotations/2.8/j2objc-annotations-2.8.jar:/Users/robertocastro/.m2/repository/io/opentelemetry/semconv/opentelemetry-semconv/1.23.1-alpha/opentelemetry-semconv-1.23.1-alpha.jar:/Users/robertocastro/.m2/repository/io/opentelemetry/opentelemetry-api/1.35.0/opentelemetry-api-1.35.0.jar:/Users/robertocastro/.m2/repository/io/opentelemetry/opentelemetry-context/1.35.0/opentelemetry-context-1.35.0.jar:/Users/robertocastro/.m2/repository/io/opentelemetry/opentelemetry-exporter-logging/1.35.0/opentelemetry-exporter-logging-1.35.0.jar:/Users/robertocastro/.m2/repository/io/opentelemetry/opentelemetry-sdk-common/1.35.0/opentelemetry-sdk-common-1.35.0.jar:/Users/robertocastro/.m2/repository/io/opentelemetry/opentelemetry-sdk-extension-autoconfigure-spi/1.35.0/opentelemetry-sdk-extension-autoconfigure-spi-1.35.0.jar:/Users/robertocastro/.m2/repository/io/opentelemetry/opentelemetry-sdk-extension-autoconfigure/1.35.0/opentelemetry-sdk-extension-autoconfigure-1.35.0.jar:/Users/robertocastro/.m2/repository/io/opentelemetry/opentelemetry-api-events/1.35.0-alpha/opentelemetry-api-events-1.35.0-alpha.jar:/Users/robertocastro/.m2/repository/io/opentelemetry/opentelemetry-sdk-trace/1.35.0/opentelemetry-sdk-trace-1.35.0.jar:/Users/robertocastro/.m2/repository/io/opentelemetry/opentelemetry-extension-incubator/1.35.0-alpha/opentelemetry-extension-incubator-1.35.0-alpha.jar:/Users/robertocastro/.m2/repository/io/opentelemetry/opentelemetry-sdk/1.35.0/opentelemetry-sdk-1.35.0.jar:/Users/robertocastro/.m2/repository/io/opentelemetry/opentelemetry-sdk-metrics/1.35.0/opentelemetry-sdk-metrics-1.35.0.jar:/Users/robertocastro/.m2/repository/io/opentelemetry/opentelemetry-sdk-logs/1.35.0/opentelemetry-sdk-logs-1.35.0.jar:/Users/robertocastro/.m2/repository/org/seleniumhq/selenium/selenium-os/4.18.1/selenium-os-4.18.1.jar:/Users/robertocastro/.m2/repository/org/apache/commons/commons-exec/1.3/commons-exec-1.3.jar:/Users/robertocastro/.m2/repository/org/seleniumhq/selenium/selenium-safari-driver/4.18.1/selenium-safari-driver-4.18.1.jar:/Users/robertocastro/.m2/repository/org/seleniumhq/selenium/selenium-support/4.18.1/selenium-support-4.18.1.jar:/Users/robertocastro/.m2/repository/io/github/bonigarcia/selenium-jupiter/5.1.0/selenium-jupiter-5.1.0.jar:/Users/robertocastro/.m2/repository/io/github/bonigarcia/webdrivermanager/5.7.0/webdrivermanager-5.7.0.jar:/Users/robertocastro/.m2/repository/com/google/code/gson/gson/2.10.1/gson-2.10.1.jar:/Users/robertocastro/.m2/repository/com/github/docker-java/docker-java/3.3.5/docker-java-3.3.5.jar:/Users/robertocastro/.m2/repository/com/github/docker-java/docker-java-core/3.3.5/docker-java-core-3.3.5.jar:/Users/robertocastro/.m2/repository/com/github/docker-java/docker-java-api/3.3.5/docker-java-api-3.3.5.jar:/Users/robertocastro/.m2/repository/com/fasterxml/jackson/core/jackson-annotations/2.10.3/jackson-annotations-2.10.3.jar:/Users/robertocastro/.m2/repository/com/fasterxml/jackson/core/jackson-databind/2.10.3/jackson-databind-2.10.3.jar:/Users/robertocastro/.m2/repository/com/fasterxml/jackson/core/jackson-core/2.10.3/jackson-core-2.10.3.jar:/Users/robertocastro/.m2/repository/org/bouncycastle/bcpkix-jdk18on/1.76/bcpkix-jdk18on-1.76.jar:/Users/robertocastro/.m2/repository/org/bouncycastle/bcprov-jdk18on/1.76/bcprov-jdk18on-1.76.jar:/Users/robertocastro/.m2/repository/org/bouncycastle/bcutil-jdk18on/1.76/bcutil-jdk18on-1.76.jar:/Users/robertocastro/.m2/repository/org/slf4j/jcl-over-slf4j/1.7.30/jcl-over-slf4j-1.7.30.jar:/Users/robertocastro/.m2/repository/com/github/docker-java/docker-java-transport-httpclient5/3.3.5/docker-java-transport-httpclient5-3.3.5.jar:/Users/robertocastro/.m2/repository/com/github/docker-java/docker-java-transport/3.3.5/docker-java-transport-3.3.5.jar:/Users/robertocastro/.m2/repository/net/java/dev/jna/jna/5.13.0/jna-5.13.0.jar:/Users/robertocastro/.m2/repository/org/brotli/dec/0.1.2/dec-0.1.2.jar:/Users/robertocastro/.m2/repository/org/apache/commons/commons-lang3/3.14.0/commons-lang3-3.14.0.jar:/Users/robertocastro/.m2/repository/org/apache/commons/commons-compress/1.26.0/commons-compress-1.26.0.jar:/Users/robertocastro/.m2/repository/commons-io/commons-io/2.15.1/commons-io-2.15.1.jar:/Users/robertocastro/.m2/repository/org/apache/httpcomponents/client5/httpclient5/5.2.1/httpclient5-5.2.1.jar:/Users/robertocastro/.m2/repository/org/apache/httpcomponents/core5/httpcore5/5.2/httpcore5-5.2.jar:/Users/robertocastro/.m2/repository/org/apache/httpcomponents/core5/httpcore5-h2/5.2/httpcore5-h2-5.2.jar:"/>
    <property name="sun.cpu.endian" value="little"/>
    <property name="user.home" value="/Users/robertocastro"/>
    <property name="user.language" value="pt"/>
    <property name="java.specification.vendor" value="Oracle Corporation"/>
    <property name="java.version.date" value="2023-01-17"/>
    <property name="java.home" value="/Library/Java/JavaVirtualMachines/temurin-17.jdk/Contents/Home"/>
    <property name="file.separator" value="/"/>
    <property name="basedir" value="/Users/robertocastro/Desktop/Universidade/3Ano/2Semestre/TQS/Praticas/TQS_107133/lab4/lab4_3/PageObjectPattern"/>
    <property name="java.vm.compressedOopsMode" value="Zero based"/>
    <property name="line.separator" value="&#10;"/>
    <property name="java.vm.specification.vendor" value="Oracle Corporation"/>
    <property name="java.specification.name" value="Java Platform API Specification"/>
    <property name="surefire.real.class.path" value="/Users/robertocastro/Desktop/Universidade/3Ano/2Semestre/TQS/Praticas/TQS_107133/lab4/lab4_3/PageObjectPattern/target/surefire/surefirebooter-20240313173308115_3.jar"/>
    <property name="sun.management.compiler" value="HotSpot 64-Bit Tiered Compilers"/>
    <property name="ftp.nonProxyHosts" value="local|*.local|169.254/16|*.169.254/16"/>
    <property name="java.runtime.version" value="17.0.6+10"/>
    <property name="user.name" value="robertocastro"/>
    <property name="path.separator" value=":"/>
    <property name="otel.metrics.exporter" value="none"/>
    <property name="os.version" value="14.3.1"/>
    <property name="java.runtime.name" value="OpenJDK Runtime Environment"/>
    <property name="otel.traces.exporter" value="none"/>
    <property name="file.encoding" value="UTF-8"/>
    <property name="java.vm.name" value="OpenJDK 64-Bit Server VM"/>
    <property name="java.vendor.version" value="Temurin-17.0.6+10"/>
    <property name="localRepository" value="/Users/robertocastro/.m2/repository"/>
    <property name="java.vendor.url.bug" value="https://github.com/adoptium/adoptium-support/issues"/>
    <property name="otel.logs.exporter" value="none"/>
    <property name="java.io.tmpdir" value="/var/folders/yk/6y9yrkbx0778n8h565f9bj4w0000gn/T/"/>
    <property name="java.version" value="17.0.6"/>
    <property name="user.dir" value="/Users/robertocastro/Desktop/Universidade/3Ano/2Semestre/TQS/Praticas/TQS_107133/lab4/lab4_3/PageObjectPattern"/>
    <property name="os.arch" value="aarch64"/>
    <property name="java.vm.specification.name" value="Java Virtual Machine Specification"/>
    <property name="native.encoding" value="UTF-8"/>
    <property name="java.library.path" value="/Users/robertocastro/Library/Java/Extensions:/Library/Java/Extensions:/Network/Library/Java/Extensions:/System/Library/Java/Extensions:/usr/lib/java:."/>
    <property name="java.vm.info" value="mixed mode"/>
    <property name="java.vendor" value="Eclipse Adoptium"/>
    <property name="java.vm.version" value="17.0.6+10"/>
    <property name="sun.io.unicode.encoding" value="UnicodeBig"/>
    <property name="socksNonProxyHosts" value="local|*.local|169.254/16|*.169.254/16"/>
    <property name="java.class.version" value="61.0"/>
  </properties>
  <testcase name="testDockerChromeLab4_4(WebDriver)" classname="tests.DockerChromeLab4_4Test" time="8.302">
    <error message="disconnected: Unable to receive message from renderer&#10;  (failed to check if window was closed: disconnected: not connected to DevTools)&#10;  (Session info: chrome=122.0.6261.94)&#10;Build info: version: &apos;4.18.1&apos;, revision: &apos;b1d3319b48&apos;&#10;System info: os.name: &apos;Mac OS X&apos;, os.arch: &apos;aarch64&apos;, os.version: &apos;14.3.1&apos;, java.version: &apos;17.0.6&apos;&#10;Driver info: org.openqa.selenium.remote.RemoteWebDriver&#10;Command: [d48da3154fd87f55ab52801b77eef845, clickElement {id=f.BEE05550F2053E1F608A41E1F9611D7B.d.13DCEE5872136F51C9F457918596D220.e.4}]&#10;Capabilities {acceptInsecureCerts: false, browserName: chrome, browserVersion: 122.0.6261.94, chrome: {chromedriverVersion: 122.0.6261.94 (880dbf29479c..., userDataDir: /tmp/.org.chromium.Chromium...}, fedcm:accounts: true, goog:chromeOptions: {debuggerAddress: localhost:43509}, networkConnectionEnabled: false, pageLoadStrategy: normal, platformName: linux, proxy: Proxy(), setWindowRect: true, strictFileInteractability: false, timeouts: {implicit: 0, pageLoad: 300000, script: 30000}, unhandledPromptBehavior: dismiss and notify, webauthn:extension:credBlob: true, webauthn:extension:largeBlob: true, webauthn:extension:minPinLength: true, webauthn:extension:prf: true, webauthn:virtualAuthenticators: true}&#10;Element: [[RemoteWebDriver: chrome on linux (d48da3154fd87f55ab52801b77eef845)] -&gt; name: toPort]&#10;Session ID: d48da3154fd87f55ab52801b77eef845" type="org.openqa.selenium.WebDriverException"><![CDATA[org.openqa.selenium.WebDriverException: 
disconnected: Unable to receive message from renderer
  (failed to check if window was closed: disconnected: not connected to DevTools)
  (Session info: chrome=122.0.6261.94)
Build info: version: '4.18.1', revision: 'b1d3319b48'
System info: os.name: 'Mac OS X', os.arch: 'aarch64', os.version: '14.3.1', java.version: '17.0.6'
Driver info: org.openqa.selenium.remote.RemoteWebDriver
Command: [d48da3154fd87f55ab52801b77eef845, clickElement {id=f.BEE05550F2053E1F608A41E1F9611D7B.d.13DCEE5872136F51C9F457918596D220.e.4}]
Capabilities {acceptInsecureCerts: false, browserName: chrome, browserVersion: 122.0.6261.94, chrome: {chromedriverVersion: 122.0.6261.94 (880dbf29479c..., userDataDir: /tmp/.org.chromium.Chromium...}, fedcm:accounts: true, goog:chromeOptions: {debuggerAddress: localhost:43509}, networkConnectionEnabled: false, pageLoadStrategy: normal, platformName: linux, proxy: Proxy(), setWindowRect: true, strictFileInteractability: false, timeouts: {implicit: 0, pageLoad: 300000, script: 30000}, unhandledPromptBehavior: dismiss and notify, webauthn:extension:credBlob: true, webauthn:extension:largeBlob: true, webauthn:extension:minPinLength: true, webauthn:extension:prf: true, webauthn:virtualAuthenticators: true}
Element: [[RemoteWebDriver: chrome on linux (d48da3154fd87f55ab52801b77eef845)] -> name: toPort]
Session ID: d48da3154fd87f55ab52801b77eef845
	at java.base/jdk.internal.reflect.NativeConstructorAccessorImpl.newInstance0(Native Method)
	at java.base/jdk.internal.reflect.NativeConstructorAccessorImpl.newInstance(NativeConstructorAccessorImpl.java:77)
	at java.base/jdk.internal.reflect.DelegatingConstructorAccessorImpl.newInstance(DelegatingConstructorAccessorImpl.java:45)
	at java.base/java.lang.reflect.Constructor.newInstanceWithCaller(Constructor.java:499)
	at java.base/java.lang.reflect.Constructor.newInstance(Constructor.java:480)
	at org.openqa.selenium.remote.ErrorCodec.decode(ErrorCodec.java:167)
	at org.openqa.selenium.remote.codec.w3c.W3CHttpResponseCodec.decode(W3CHttpResponseCodec.java:138)
	at org.openqa.selenium.remote.codec.w3c.W3CHttpResponseCodec.decode(W3CHttpResponseCodec.java:50)
	at org.openqa.selenium.remote.HttpCommandExecutor.execute(HttpCommandExecutor.java:190)
	at org.openqa.selenium.remote.TracedCommandExecutor.execute(TracedCommandExecutor.java:51)
	at org.openqa.selenium.remote.RemoteWebDriver.execute(RemoteWebDriver.java:519)
	at org.openqa.selenium.remote.RemoteWebElement.execute(RemoteWebElement.java:223)
	at org.openqa.selenium.remote.RemoteWebElement.click(RemoteWebElement.java:76)
	at java.base/jdk.internal.reflect.NativeMethodAccessorImpl.invoke0(Native Method)
	at java.base/jdk.internal.reflect.NativeMethodAccessorImpl.invoke(NativeMethodAccessorImpl.java:77)
	at java.base/jdk.internal.reflect.DelegatingMethodAccessorImpl.invoke(DelegatingMethodAccessorImpl.java:43)
	at java.base/java.lang.reflect.Method.invoke(Method.java:568)
	at org.openqa.selenium.support.pagefactory.internal.LocatingElementHandler.invoke(LocatingElementHandler.java:51)
	at jdk.proxy2/jdk.proxy2.$Proxy14.click(Unknown Source)
	at webpages.HomePage.selectToPort(HomePage.java:68)
	at tests.DockerChromeLab4_4Test.testDockerChromeLab4_4(DockerChromeLab4_4Test.java:33)
	at java.base/java.lang.reflect.Method.invoke(Method.java:568)
	at java.base/java.util.ArrayList.forEach(ArrayList.java:1511)
	at java.base/java.util.ArrayList.forEach(ArrayList.java:1511)
]]></error>
    <system-out><![CDATA[17:33:12.297 [main] DEBUG io.github.bonigarcia.wdm.WebDriverManager -- Using WebDriverManager 5.7.0
17:33:12.679 [main] DEBUG io.github.bonigarcia.wdm.cache.ResolutionCache -- Resolution chrome-container-latest=122.0 in cache (valid until 17:44:29 13/03/2024 WET)
17:33:12.682 [main] INFO io.github.bonigarcia.wdm.docker.DockerService -- Starting Docker container selenoid/vnc:chrome_122.0
17:33:12.693 [main] DEBUG com.github.dockerjava.core.command.AbstrDockerCmd -- Cmd: com.github.dockerjava.core.command.CreateContainerCmdImpl@2b7962a2[aliases=<null>,argsEscaped=<null>,attachStderr=<null>,attachStdin=<null>,attachStdout=<null>,authConfig=AuthConfig(username=null, email=null, registryAddress=https://index.docker.io/v1/, stackOrchestrator=null),cmd=<null>,domainName=<null>,entrypoint=<null>,env={TZ=Etc/UTC,LANGUAGE=EN,SCREEN_RESOLUTION=1280x1080x24,DRIVER_ARGS=--whitelisted-ips= --allowed-origins=*},exposedPorts=ExposedPorts(exposedPorts=[4444/tcp]),healthcheck=<null>,hostConfig=HostConfig(binds=[], blkioWeight=null, blkioWeightDevice=null, blkioDeviceReadBps=null, blkioDeviceWriteBps=null, blkioDeviceReadIOps=null, blkioDeviceWriteIOps=null, memorySwappiness=null, nanoCPUs=null, capAdd=[SYS_ADMIN], capDrop=null, containerIDFile=null, cpuPeriod=null, cpuRealtimePeriod=null, cpuRealtimeRuntime=null, cpuShares=null, cpuQuota=null, cpusetCpus=null, cpusetMems=null, devices=null, deviceCgroupRules=null, deviceRequests=null, diskQuota=null, dns=null, dnsOptions=null, dnsSearch=null, extraHosts=[], groupAdd=null, ipcMode=null, cgroup=null, links=[], logConfig=LogConfig(type=null, config=null), lxcConf=null, memory=null, memorySwap=null, memoryReservation=null, kernelMemory=null, networkMode=bridge, oomKillDisable=null, init=null, autoRemove=null, oomScoreAdj=null, portBindings={4444/tcp=[Lcom.github.dockerjava.api.model.Ports$Binding;@1c26273d}, privileged=null, publishAllPorts=true, readonlyRootfs=null, restartPolicy=null, ulimits=null, cpuCount=null, cpuPercent=null, ioMaximumIOps=null, ioMaximumBandwidth=null, volumesFrom=null, mounts=[Mount(type=TMPFS, source=null, target=/tmp, readOnly=null, bindOptions=null, volumeOptions=null, tmpfsOptions=TmpfsOptions(sizeBytes=134217728, mode=null))], pidMode=null, isolation=null, securityOpts=null, storageOpt=null, cgroupParent=null, volumeDriver=null, shmSize=268435456, pidsLimit=null, runtime=null, tmpFs=null, utSMode=null, usernsMode=null, sysctls=null, consoleSize=null, cgroupnsMode=null),hostName=<null>,image=selenoid/vnc:chrome_122.0,ipv4Address=<null>,ipv6Address=<null>,labels=<null>,macAddress=<null>,name=<null>,networkDisabled=<null>,networkingConfig=<null>,onBuild=<null>,platform=<null>,portSpecs=<null>,shell=<null>,stdInOnce=<null>,stdinOpen=<null>,stopSignal=<null>,stopTimeout=<null>,tty=<null>,user=<null>,volumes=Volumes(volumes=[]),workingDir=<null>]
17:33:12.731 [main] DEBUG org.apache.hc.client5.http.impl.classic.InternalHttpClient -- ex-0000000001 preparing request execution
17:33:12.734 [main] DEBUG org.apache.hc.client5.http.impl.classic.ProtocolExec -- ex-0000000001 target auth state: UNCHALLENGED
17:33:12.734 [main] DEBUG org.apache.hc.client5.http.impl.classic.ProtocolExec -- ex-0000000001 proxy auth state: UNCHALLENGED
17:33:12.734 [main] DEBUG org.apache.hc.client5.http.impl.classic.ConnectExec -- ex-0000000001 acquiring connection with route {}->unix://localhost:2375
17:33:12.735 [main] DEBUG org.apache.hc.client5.http.impl.classic.InternalHttpClient -- ex-0000000001 acquiring endpoint (3 MINUTES)
17:33:12.735 [main] DEBUG org.apache.hc.client5.http.impl.io.PoolingHttpClientConnectionManager -- ex-0000000001 endpoint lease request (3 MINUTES) [route: {}->unix://localhost:2375][total available: 0; route allocated: 0 of 2147483647; total allocated: 0 of 2147483647]
17:33:12.736 [main] DEBUG org.apache.hc.client5.http.impl.io.PoolingHttpClientConnectionManager -- ex-0000000001 endpoint leased [route: {}->unix://localhost:2375][total available: 0; route allocated: 1 of 2147483647; total allocated: 1 of 2147483647]
17:33:12.739 [main] DEBUG org.apache.hc.client5.http.impl.io.PoolingHttpClientConnectionManager -- ex-0000000001 acquired ep-0000000001
17:33:12.739 [main] DEBUG org.apache.hc.client5.http.impl.classic.InternalHttpClient -- ex-0000000001 acquired endpoint ep-0000000001
17:33:12.739 [main] DEBUG org.apache.hc.client5.http.impl.classic.ConnectExec -- ex-0000000001 opening connection {}->unix://localhost:2375
17:33:12.739 [main] DEBUG org.apache.hc.client5.http.impl.classic.InternalHttpClient -- ep-0000000001 connecting endpoint (null)
17:33:12.740 [main] DEBUG org.apache.hc.client5.http.impl.io.PoolingHttpClientConnectionManager -- ep-0000000001 connecting endpoint to unix://localhost:2375 (3 MINUTES)
17:33:12.740 [main] DEBUG org.apache.hc.client5.http.impl.io.DefaultHttpClientConnectionOperator -- localhost resolving remote address
17:33:12.740 [main] DEBUG org.apache.hc.client5.http.impl.io.DefaultHttpClientConnectionOperator -- localhost resolved to [localhost/127.0.0.1, localhost/0:0:0:0:0:0:0:1]
17:33:12.741 [main] DEBUG org.apache.hc.client5.http.impl.io.DefaultHttpClientConnectionOperator -- localhost:2375 connecting null->localhost/127.0.0.1:2375 (3 MINUTES)
17:33:12.742 [main] DEBUG org.apache.hc.client5.http.impl.io.DefaultManagedHttpClientConnection -- http-outgoing-0 set socket timeout to 0 MILLISECONDS
17:33:12.742 [main] DEBUG org.apache.hc.client5.http.impl.io.DefaultHttpClientConnectionOperator -- localhost:2375 connected null->localhost/127.0.0.1:2375 as http-outgoing-0
17:33:12.742 [main] DEBUG org.apache.hc.client5.http.impl.io.PoolingHttpClientConnectionManager -- ep-0000000001 connected http-outgoing-0
17:33:12.742 [main] DEBUG org.apache.hc.client5.http.impl.classic.InternalHttpClient -- ep-0000000001 endpoint connected
17:33:12.742 [main] DEBUG org.apache.hc.client5.http.impl.classic.MainClientExec -- ex-0000000001 executing POST /containers/create HTTP/1.1
17:33:12.742 [main] DEBUG org.apache.hc.client5.http.protocol.RequestAddCookies -- ex-0000000001 Cookie spec selected: strict
17:33:12.745 [main] DEBUG org.apache.hc.client5.http.impl.classic.InternalHttpClient -- ep-0000000001 start execution ex-0000000001
17:33:12.745 [main] DEBUG org.apache.hc.client5.http.impl.io.PoolingHttpClientConnectionManager -- ep-0000000001 executing exchange ex-0000000001 over http-outgoing-0
17:33:12.745 [main] DEBUG org.apache.hc.client5.http.headers -- http-outgoing-0 >> POST /containers/create HTTP/1.1
17:33:12.745 [main] DEBUG org.apache.hc.client5.http.headers -- http-outgoing-0 >> X-Registry-Auth: eyJ1c2VybmFtZSI6bnVsbCwicGFzc3dvcmQiOm51bGwsImVtYWlsIjpudWxsLCJzZXJ2ZXJhZGRyZXNzIjoiaHR0cHM6Ly9pbmRleC5kb2NrZXIuaW8vdjEvIiwiYXV0aCI6bnVsbCwicmVnaXN0cnl0b2tlbiI6bnVsbCwiaWRlbnRpdHl0b2tlbiI6bnVsbCwic3RhY2tPcmNoZXN0cmF0b3IiOm51bGx9
17:33:12.745 [main] DEBUG org.apache.hc.client5.http.headers -- http-outgoing-0 >> accept: application/json
17:33:12.745 [main] DEBUG org.apache.hc.client5.http.headers -- http-outgoing-0 >> content-type: application/json
17:33:12.745 [main] DEBUG org.apache.hc.client5.http.headers -- http-outgoing-0 >> Accept-Encoding: gzip, x-gzip, deflate, br
17:33:12.745 [main] DEBUG org.apache.hc.client5.http.headers -- http-outgoing-0 >> Content-Length: 2099
17:33:12.745 [main] DEBUG org.apache.hc.client5.http.headers -- http-outgoing-0 >> Host: localhost:2375
17:33:12.745 [main] DEBUG org.apache.hc.client5.http.headers -- http-outgoing-0 >> Connection: keep-alive
17:33:12.745 [main] DEBUG org.apache.hc.client5.http.headers -- http-outgoing-0 >> User-Agent: Apache-HttpClient/5.2.1 (Java/17.0.6)
17:33:12.745 [main] DEBUG org.apache.hc.client5.http.wire -- http-outgoing-0 >> "POST /containers/create HTTP/1.1[\r][\n]"
17:33:12.745 [main] DEBUG org.apache.hc.client5.http.wire -- http-outgoing-0 >> "X-Registry-Auth: eyJ1c2VybmFtZSI6bnVsbCwicGFzc3dvcmQiOm51bGwsImVtYWlsIjpudWxsLCJzZXJ2ZXJhZGRyZXNzIjoiaHR0cHM6Ly9pbmRleC5kb2NrZXIuaW8vdjEvIiwiYXV0aCI6bnVsbCwicmVnaXN0cnl0b2tlbiI6bnVsbCwiaWRlbnRpdHl0b2tlbiI6bnVsbCwic3RhY2tPcmNoZXN0cmF0b3IiOm51bGx9[\r][\n]"
17:33:12.745 [main] DEBUG org.apache.hc.client5.http.wire -- http-outgoing-0 >> "accept: application/json[\r][\n]"
17:33:12.745 [main] DEBUG org.apache.hc.client5.http.wire -- http-outgoing-0 >> "content-type: application/json[\r][\n]"
17:33:12.745 [main] DEBUG org.apache.hc.client5.http.wire -- http-outgoing-0 >> "Accept-Encoding: gzip, x-gzip, deflate, br[\r][\n]"
17:33:12.745 [main] DEBUG org.apache.hc.client5.http.wire -- http-outgoing-0 >> "Content-Length: 2099[\r][\n]"
17:33:12.745 [main] DEBUG org.apache.hc.client5.http.wire -- http-outgoing-0 >> "Host: localhost:2375[\r][\n]"
17:33:12.745 [main] DEBUG org.apache.hc.client5.http.wire -- http-outgoing-0 >> "Connection: keep-alive[\r][\n]"
17:33:12.745 [main] DEBUG org.apache.hc.client5.http.wire -- http-outgoing-0 >> "User-Agent: Apache-HttpClient/5.2.1 (Java/17.0.6)[\r][\n]"
17:33:12.745 [main] DEBUG org.apache.hc.client5.http.wire -- http-outgoing-0 >> "[\r][\n]"
17:33:12.745 [main] DEBUG org.apache.hc.client5.http.wire -- http-outgoing-0 >> "{"Hostname":null,"Domainname":null,"User":null,"AttachStdin":null,"AttachStdout":null,"AttachStderr":null,"PortSpecs":null,"Tty":null,"OpenStdin":null,"StdinOnce":null,"Env":["TZ=Etc/UTC","LANGUAGE=EN","SCREEN_RESOLUTION=1280x1080x24","DRIVER_ARGS=--whitelisted-ips= --allowed-origins=*"],"Cmd":null,"Healthcheck":null,"ArgsEscaped":null,"Entrypoint":null,"Image":"selenoid/vnc:chrome_122.0","Volumes":{},"WorkingDir":null,"MacAddress":null,"OnBuild":null,"NetworkDisabled":null,"ExposedPorts":{"4444/tcp":{}},"StopSignal":null,"StopTimeout":null,"HostConfig":{"Binds":[],"BlkioWeight":null,"BlkioWeightDevice":null,"BlkioDeviceReadBps":null,"BlkioDeviceWriteBps":null,"BlkioDeviceReadIOps":null,"BlkioDeviceWriteIOps":null,"MemorySwappiness":null,"NanoCpus":null,"CapAdd":["SYS_ADMIN"],"CapDrop":null,"ContainerIDFile":null,"CpuPeriod":null,"CpuRealtimePeriod":null,"CpuRealtimeRuntime":null,"CpuShares":null,"CpuQuota":null,"CpusetCpus":null,"CpusetMems":null,"Devices":null,"DeviceCgroupRules":null,"DeviceRequests":null,"DiskQuota":null,"Dns":null,"DnsOptions":null,"DnsSearch":null,"ExtraHosts":[],"GroupAdd":null,"IpcMode":null,"Cgroup":null,"Links":null,"LogConfig":null,"LxcConf":null,"Memory":null,"MemorySwap":null,"MemoryReservation":null,"KernelMemory":null,"NetworkMode":"bridge","OomKillDisable":null,"Init":null,"AutoRemove":null,"OomScoreAdj":null,"PortBindings":{"4444/tcp":[{"HostIp":"","HostPort":""}]},"Privileged":null,"PublishAllPorts":true,"ReadonlyRootfs":null,"RestartPolicy":null,"Ulimits":null,"CpuCount":null,"CpuPercent":null,"IOMaximumIOps":null,"IOMaximumBandwidth":null,"VolumesFrom":null,"Mounts":[{"Type":"tmpfs","Source":null,"Target":"/tmp","ReadOnly":null,"BindOptions":null,"VolumeOptions":null,"TmpfsOptions":{"SizeBytes":134217728,"Mode":null}}],"PidMode":null,"Isolation":null,"SecurityOpt":null,"StorageOpt":null,"CgroupParent":null,"VolumeDriver":null,"ShmSize":268435456,"PidsLimit":null,"Runtime":null,"Tmpfs":null,"UTSMode":null,"UsernsMode":null,"Sysctls":null,"ConsoleSize":null,"CgroupnsMode":null},"Labels":null,"Shell":null,"NetworkingConfig":null}"
17:33:14.137 [main] DEBUG org.apache.hc.client5.http.wire -- http-outgoing-0 << "HTTP/1.1 201 Created[\r][\n]"
17:33:14.137 [main] DEBUG org.apache.hc.client5.http.wire -- http-outgoing-0 << "Api-Version: 1.44[\r][\n]"
17:33:14.137 [main] DEBUG org.apache.hc.client5.http.wire -- http-outgoing-0 << "Content-Type: application/json[\r][\n]"
17:33:14.137 [main] DEBUG org.apache.hc.client5.http.wire -- http-outgoing-0 << "Date: Wed, 13 Mar 2024 17:33:13 GMT[\r][\n]"
17:33:14.137 [main] DEBUG org.apache.hc.client5.http.wire -- http-outgoing-0 << "Docker-Experimental: false[\r][\n]"
17:33:14.137 [main] DEBUG org.apache.hc.client5.http.wire -- http-outgoing-0 << "Ostype: linux[\r][\n]"
17:33:14.137 [main] DEBUG org.apache.hc.client5.http.wire -- http-outgoing-0 << "Server: Docker/25.0.3 (linux)[\r][\n]"
17:33:14.137 [main] DEBUG org.apache.hc.client5.http.wire -- http-outgoing-0 << "Transfer-Encoding: chunked[\r][\n]"
17:33:14.137 [main] DEBUG org.apache.hc.client5.http.wire -- http-outgoing-0 << "[\r][\n]"
17:33:14.140 [main] DEBUG org.apache.hc.client5.http.headers -- http-outgoing-0 << HTTP/1.1 201 Created
17:33:14.140 [main] DEBUG org.apache.hc.client5.http.headers -- http-outgoing-0 << Api-Version: 1.44
17:33:14.140 [main] DEBUG org.apache.hc.client5.http.headers -- http-outgoing-0 << Content-Type: application/json
17:33:14.140 [main] DEBUG org.apache.hc.client5.http.headers -- http-outgoing-0 << Date: Wed, 13 Mar 2024 17:33:13 GMT
17:33:14.140 [main] DEBUG org.apache.hc.client5.http.headers -- http-outgoing-0 << Docker-Experimental: false
17:33:14.140 [main] DEBUG org.apache.hc.client5.http.headers -- http-outgoing-0 << Ostype: linux
17:33:14.140 [main] DEBUG org.apache.hc.client5.http.headers -- http-outgoing-0 << Server: Docker/25.0.3 (linux)
17:33:14.140 [main] DEBUG org.apache.hc.client5.http.headers -- http-outgoing-0 << Transfer-Encoding: chunked
17:33:14.143 [main] DEBUG org.apache.hc.client5.http.impl.classic.MainClientExec -- ex-0000000001 connection can be kept alive for 3 MINUTES
17:33:14.147 [main] DEBUG org.apache.hc.client5.http.wire -- http-outgoing-0 << "e8[\r][\n]"
17:33:14.147 [main] DEBUG org.apache.hc.client5.http.wire -- http-outgoing-0 << "{"Id":"a031e60f9d69d1ce8c5da2cff1fb8f3f241a7eeecd4dfc983eed5d1b429419e0","Warnings":["The requested image's platform (linux/amd64) does not match the detected host platform (linux/arm64/v8) and no specific platform was requested"]}[\n]"
17:33:14.147 [main] DEBUG org.apache.hc.client5.http.wire -- http-outgoing-0 << "[\r][\n]"
17:33:14.147 [main] DEBUG org.apache.hc.client5.http.wire -- http-outgoing-0 << "0[\r][\n]"
17:33:14.147 [main] DEBUG org.apache.hc.client5.http.wire -- http-outgoing-0 << "[\r][\n]"
17:33:14.151 [main] DEBUG org.apache.hc.client5.http.impl.classic.InternalHttpClient -- ep-0000000001 releasing valid endpoint
17:33:14.151 [main] DEBUG org.apache.hc.client5.http.impl.io.PoolingHttpClientConnectionManager -- ep-0000000001 releasing endpoint
17:33:14.151 [main] DEBUG org.apache.hc.client5.http.impl.io.PoolingHttpClientConnectionManager -- ep-0000000001 connection http-outgoing-0 can be kept alive for 3 MINUTES
17:33:14.152 [main] DEBUG org.apache.hc.client5.http.impl.io.PoolingHttpClientConnectionManager -- ep-0000000001 connection released [route: {}->unix://localhost:2375][total available: 1; route allocated: 1 of 2147483647; total allocated: 1 of 2147483647]
17:33:14.153 [main] DEBUG com.github.dockerjava.core.command.AbstrDockerCmd -- Cmd: a031e60f9d69d1ce8c5da2cff1fb8f3f241a7eeecd4dfc983eed5d1b429419e0
17:33:14.155 [main] DEBUG org.apache.hc.client5.http.impl.classic.InternalHttpClient -- ex-0000000002 preparing request execution
17:33:14.155 [main] DEBUG org.apache.hc.client5.http.impl.classic.ProtocolExec -- ex-0000000002 target auth state: UNCHALLENGED
17:33:14.155 [main] DEBUG org.apache.hc.client5.http.impl.classic.ProtocolExec -- ex-0000000002 proxy auth state: UNCHALLENGED
17:33:14.155 [main] DEBUG org.apache.hc.client5.http.impl.classic.ConnectExec -- ex-0000000002 acquiring connection with route {}->unix://localhost:2375
17:33:14.155 [main] DEBUG org.apache.hc.client5.http.impl.classic.InternalHttpClient -- ex-0000000002 acquiring endpoint (3 MINUTES)
17:33:14.155 [main] DEBUG org.apache.hc.client5.http.impl.io.PoolingHttpClientConnectionManager -- ex-0000000002 endpoint lease request (3 MINUTES) [route: {}->unix://localhost:2375][total available: 1; route allocated: 1 of 2147483647; total allocated: 1 of 2147483647]
17:33:14.155 [main] DEBUG org.apache.hc.client5.http.impl.io.PoolingHttpClientConnectionManager -- ex-0000000002 endpoint leased [route: {}->unix://localhost:2375][total available: 0; route allocated: 1 of 2147483647; total allocated: 1 of 2147483647]
17:33:14.156 [main] DEBUG org.apache.hc.client5.http.impl.io.PoolingHttpClientConnectionManager -- ex-0000000002 acquired ep-0000000002
17:33:14.156 [main] DEBUG org.apache.hc.client5.http.impl.classic.InternalHttpClient -- ex-0000000002 acquired endpoint ep-0000000002
17:33:14.156 [main] DEBUG org.apache.hc.client5.http.impl.classic.MainClientExec -- ex-0000000002 executing POST /containers/a031e60f9d69d1ce8c5da2cff1fb8f3f241a7eeecd4dfc983eed5d1b429419e0/start HTTP/1.1
17:33:14.156 [main] DEBUG org.apache.hc.client5.http.protocol.RequestAddCookies -- ex-0000000002 Cookie spec selected: strict
17:33:14.156 [main] DEBUG org.apache.hc.client5.http.impl.classic.InternalHttpClient -- ep-0000000002 start execution ex-0000000002
17:33:14.156 [main] DEBUG org.apache.hc.client5.http.impl.io.PoolingHttpClientConnectionManager -- ep-0000000002 executing exchange ex-0000000002 over http-outgoing-0
17:33:14.156 [main] DEBUG org.apache.hc.client5.http.headers -- http-outgoing-0 >> POST /containers/a031e60f9d69d1ce8c5da2cff1fb8f3f241a7eeecd4dfc983eed5d1b429419e0/start HTTP/1.1
17:33:14.156 [main] DEBUG org.apache.hc.client5.http.headers -- http-outgoing-0 >> accept: application/json
17:33:14.156 [main] DEBUG org.apache.hc.client5.http.headers -- http-outgoing-0 >> content-type: application/json
17:33:14.156 [main] DEBUG org.apache.hc.client5.http.headers -- http-outgoing-0 >> Accept-Encoding: gzip, x-gzip, deflate, br
17:33:14.156 [main] DEBUG org.apache.hc.client5.http.headers -- http-outgoing-0 >> Host: localhost:2375
17:33:14.156 [main] DEBUG org.apache.hc.client5.http.headers -- http-outgoing-0 >> Connection: keep-alive
17:33:14.156 [main] DEBUG org.apache.hc.client5.http.headers -- http-outgoing-0 >> User-Agent: Apache-HttpClient/5.2.1 (Java/17.0.6)
17:33:14.156 [main] DEBUG org.apache.hc.client5.http.wire -- http-outgoing-0 >> "POST /containers/a031e60f9d69d1ce8c5da2cff1fb8f3f241a7eeecd4dfc983eed5d1b429419e0/start HTTP/1.1[\r][\n]"
17:33:14.156 [main] DEBUG org.apache.hc.client5.http.wire -- http-outgoing-0 >> "accept: application/json[\r][\n]"
17:33:14.156 [main] DEBUG org.apache.hc.client5.http.wire -- http-outgoing-0 >> "content-type: application/json[\r][\n]"
17:33:14.156 [main] DEBUG org.apache.hc.client5.http.wire -- http-outgoing-0 >> "Accept-Encoding: gzip, x-gzip, deflate, br[\r][\n]"
17:33:14.156 [main] DEBUG org.apache.hc.client5.http.wire -- http-outgoing-0 >> "Host: localhost:2375[\r][\n]"
17:33:14.156 [main] DEBUG org.apache.hc.client5.http.wire -- http-outgoing-0 >> "Connection: keep-alive[\r][\n]"
17:33:14.156 [main] DEBUG org.apache.hc.client5.http.wire -- http-outgoing-0 >> "User-Agent: Apache-HttpClient/5.2.1 (Java/17.0.6)[\r][\n]"
17:33:14.156 [main] DEBUG org.apache.hc.client5.http.wire -- http-outgoing-0 >> "[\r][\n]"
17:33:14.298 [main] DEBUG org.apache.hc.client5.http.wire -- http-outgoing-0 << "HTTP/1.1 204 No Content[\r][\n]"
17:33:14.298 [main] DEBUG org.apache.hc.client5.http.wire -- http-outgoing-0 << "Api-Version: 1.44[\r][\n]"
17:33:14.298 [main] DEBUG org.apache.hc.client5.http.wire -- http-outgoing-0 << "Date: Wed, 13 Mar 2024 17:33:13 GMT[\r][\n]"
17:33:14.298 [main] DEBUG org.apache.hc.client5.http.wire -- http-outgoing-0 << "Docker-Experimental: false[\r][\n]"
17:33:14.298 [main] DEBUG org.apache.hc.client5.http.wire -- http-outgoing-0 << "Ostype: linux[\r][\n]"
17:33:14.298 [main] DEBUG org.apache.hc.client5.http.wire -- http-outgoing-0 << "Server: Docker/25.0.3 (linux)[\r][\n]"
17:33:14.298 [main] DEBUG org.apache.hc.client5.http.wire -- http-outgoing-0 << "[\r][\n]"
17:33:14.299 [main] DEBUG org.apache.hc.client5.http.headers -- http-outgoing-0 << HTTP/1.1 204 No Content
17:33:14.299 [main] DEBUG org.apache.hc.client5.http.headers -- http-outgoing-0 << Api-Version: 1.44
17:33:14.299 [main] DEBUG org.apache.hc.client5.http.headers -- http-outgoing-0 << Date: Wed, 13 Mar 2024 17:33:13 GMT
17:33:14.299 [main] DEBUG org.apache.hc.client5.http.headers -- http-outgoing-0 << Docker-Experimental: false
17:33:14.299 [main] DEBUG org.apache.hc.client5.http.headers -- http-outgoing-0 << Ostype: linux
17:33:14.299 [main] DEBUG org.apache.hc.client5.http.headers -- http-outgoing-0 << Server: Docker/25.0.3 (linux)
17:33:14.300 [main] DEBUG org.apache.hc.client5.http.impl.classic.MainClientExec -- ex-0000000002 connection can be kept alive for 3 MINUTES
17:33:14.300 [main] DEBUG org.apache.hc.client5.http.impl.classic.InternalHttpClient -- ep-0000000002 releasing valid endpoint
17:33:14.300 [main] DEBUG org.apache.hc.client5.http.impl.io.PoolingHttpClientConnectionManager -- ep-0000000002 releasing endpoint
17:33:14.300 [main] DEBUG org.apache.hc.client5.http.impl.io.PoolingHttpClientConnectionManager -- ep-0000000002 connection http-outgoing-0 can be kept alive for 3 MINUTES
17:33:14.300 [main] DEBUG org.apache.hc.client5.http.impl.io.PoolingHttpClientConnectionManager -- ep-0000000002 connection released [route: {}->unix://localhost:2375][total available: 1; route allocated: 1 of 2147483647; total allocated: 1 of 2147483647]
17:33:14.302 [main] DEBUG com.github.dockerjava.core.command.AbstrDockerCmd -- Cmd: a031e60f9d69d1ce8c5da2cff1fb8f3f241a7eeecd4dfc983eed5d1b429419e0,false
17:33:14.303 [main] DEBUG com.github.dockerjava.core.exec.InspectContainerCmdExec -- GET: DefaultWebTarget{path=[/containers/a031e60f9d69d1ce8c5da2cff1fb8f3f241a7eeecd4dfc983eed5d1b429419e0/json], queryParams={}}
17:33:14.305 [main] DEBUG org.apache.hc.client5.http.impl.classic.InternalHttpClient -- ex-0000000003 preparing request execution
17:33:14.305 [main] DEBUG org.apache.hc.client5.http.impl.classic.ProtocolExec -- ex-0000000003 target auth state: UNCHALLENGED
17:33:14.305 [main] DEBUG org.apache.hc.client5.http.impl.classic.ProtocolExec -- ex-0000000003 proxy auth state: UNCHALLENGED
17:33:14.305 [main] DEBUG org.apache.hc.client5.http.impl.classic.ConnectExec -- ex-0000000003 acquiring connection with route {}->unix://localhost:2375
17:33:14.305 [main] DEBUG org.apache.hc.client5.http.impl.classic.InternalHttpClient -- ex-0000000003 acquiring endpoint (3 MINUTES)
17:33:14.305 [main] DEBUG org.apache.hc.client5.http.impl.io.PoolingHttpClientConnectionManager -- ex-0000000003 endpoint lease request (3 MINUTES) [route: {}->unix://localhost:2375][total available: 1; route allocated: 1 of 2147483647; total allocated: 1 of 2147483647]
17:33:14.306 [main] DEBUG org.apache.hc.client5.http.impl.io.PoolingHttpClientConnectionManager -- ex-0000000003 endpoint leased [route: {}->unix://localhost:2375][total available: 0; route allocated: 1 of 2147483647; total allocated: 1 of 2147483647]
17:33:14.306 [main] DEBUG org.apache.hc.client5.http.impl.io.PoolingHttpClientConnectionManager -- ex-0000000003 acquired ep-0000000003
17:33:14.306 [main] DEBUG org.apache.hc.client5.http.impl.classic.InternalHttpClient -- ex-0000000003 acquired endpoint ep-0000000003
17:33:14.306 [main] DEBUG org.apache.hc.client5.http.impl.classic.MainClientExec -- ex-0000000003 executing GET /containers/a031e60f9d69d1ce8c5da2cff1fb8f3f241a7eeecd4dfc983eed5d1b429419e0/json HTTP/1.1
17:33:14.306 [main] DEBUG org.apache.hc.client5.http.protocol.RequestAddCookies -- ex-0000000003 Cookie spec selected: strict
17:33:14.306 [main] DEBUG org.apache.hc.client5.http.impl.classic.InternalHttpClient -- ep-0000000003 start execution ex-0000000003
17:33:14.306 [main] DEBUG org.apache.hc.client5.http.impl.io.PoolingHttpClientConnectionManager -- ep-0000000003 executing exchange ex-0000000003 over http-outgoing-0
17:33:14.306 [main] DEBUG org.apache.hc.client5.http.headers -- http-outgoing-0 >> GET /containers/a031e60f9d69d1ce8c5da2cff1fb8f3f241a7eeecd4dfc983eed5d1b429419e0/json HTTP/1.1
17:33:14.306 [main] DEBUG org.apache.hc.client5.http.headers -- http-outgoing-0 >> accept: application/json
17:33:14.306 [main] DEBUG org.apache.hc.client5.http.headers -- http-outgoing-0 >> Accept-Encoding: gzip, x-gzip, deflate, br
17:33:14.306 [main] DEBUG org.apache.hc.client5.http.headers -- http-outgoing-0 >> Host: localhost:2375
17:33:14.306 [main] DEBUG org.apache.hc.client5.http.headers -- http-outgoing-0 >> Connection: keep-alive
17:33:14.306 [main] DEBUG org.apache.hc.client5.http.headers -- http-outgoing-0 >> User-Agent: Apache-HttpClient/5.2.1 (Java/17.0.6)
17:33:14.306 [main] DEBUG org.apache.hc.client5.http.wire -- http-outgoing-0 >> "GET /containers/a031e60f9d69d1ce8c5da2cff1fb8f3f241a7eeecd4dfc983eed5d1b429419e0/json HTTP/1.1[\r][\n]"
17:33:14.307 [main] DEBUG org.apache.hc.client5.http.wire -- http-outgoing-0 >> "accept: application/json[\r][\n]"
17:33:14.307 [main] DEBUG org.apache.hc.client5.http.wire -- http-outgoing-0 >> "Accept-Encoding: gzip, x-gzip, deflate, br[\r][\n]"
17:33:14.307 [main] DEBUG org.apache.hc.client5.http.wire -- http-outgoing-0 >> "Host: localhost:2375[\r][\n]"
17:33:14.307 [main] DEBUG org.apache.hc.client5.http.wire -- http-outgoing-0 >> "Connection: keep-alive[\r][\n]"
17:33:14.307 [main] DEBUG org.apache.hc.client5.http.wire -- http-outgoing-0 >> "User-Agent: Apache-HttpClient/5.2.1 (Java/17.0.6)[\r][\n]"
17:33:14.307 [main] DEBUG org.apache.hc.client5.http.wire -- http-outgoing-0 >> "[\r][\n]"
17:33:14.308 [main] DEBUG org.apache.hc.client5.http.wire -- http-outgoing-0 << "HTTP/1.1 200 OK[\r][\n]"
17:33:14.308 [main] DEBUG org.apache.hc.client5.http.wire -- http-outgoing-0 << "Api-Version: 1.44[\r][\n]"
17:33:14.308 [main] DEBUG org.apache.hc.client5.http.wire -- http-outgoing-0 << "Content-Type: application/json[\r][\n]"
17:33:14.308 [main] DEBUG org.apache.hc.client5.http.wire -- http-outgoing-0 << "Date: Wed, 13 Mar 2024 17:33:13 GMT[\r][\n]"
17:33:14.308 [main] DEBUG org.apache.hc.client5.http.wire -- http-outgoing-0 << "Docker-Experimental: false[\r][\n]"
17:33:14.308 [main] DEBUG org.apache.hc.client5.http.wire -- http-outgoing-0 << "Ostype: linux[\r][\n]"
17:33:14.308 [main] DEBUG org.apache.hc.client5.http.wire -- http-outgoing-0 << "Server: Docker/25.0.3 (linux)[\r][\n]"
17:33:14.308 [main] DEBUG org.apache.hc.client5.http.wire -- http-outgoing-0 << "Transfer-Encoding: chunked[\r][\n]"
17:33:14.308 [main] DEBUG org.apache.hc.client5.http.wire -- http-outgoing-0 << "[\r][\n]"
17:33:14.309 [main] DEBUG org.apache.hc.client5.http.headers -- http-outgoing-0 << HTTP/1.1 200 OK
17:33:14.309 [main] DEBUG org.apache.hc.client5.http.headers -- http-outgoing-0 << Api-Version: 1.44
17:33:14.309 [main] DEBUG org.apache.hc.client5.http.headers -- http-outgoing-0 << Content-Type: application/json
17:33:14.309 [main] DEBUG org.apache.hc.client5.http.headers -- http-outgoing-0 << Date: Wed, 13 Mar 2024 17:33:13 GMT
17:33:14.309 [main] DEBUG org.apache.hc.client5.http.headers -- http-outgoing-0 << Docker-Experimental: false
17:33:14.309 [main] DEBUG org.apache.hc.client5.http.headers -- http-outgoing-0 << Ostype: linux
17:33:14.309 [main] DEBUG org.apache.hc.client5.http.headers -- http-outgoing-0 << Server: Docker/25.0.3 (linux)
17:33:14.309 [main] DEBUG org.apache.hc.client5.http.headers -- http-outgoing-0 << Transfer-Encoding: chunked
17:33:14.309 [main] DEBUG org.apache.hc.client5.http.impl.classic.MainClientExec -- ex-0000000003 connection can be kept alive for 3 MINUTES
17:33:14.310 [main] DEBUG org.apache.hc.client5.http.wire -- http-outgoing-0 << "18a6[\r][\n]"
17:33:14.310 [main] DEBUG org.apache.hc.client5.http.wire -- http-outgoing-0 << "{"Id":"a031e60f9d69d1ce8c5da2cff1fb8f3f241a7eeecd4dfc983eed5d1b429419e0","Created":"2024-03-13T17:33:13.517873291Z","Path":"/entrypoint.sh","Args":[],"State":{"Status":"running","Running":true,"Paused":false,"Restarting":false,"OOMKilled":false,"Dead":false,"Pid":501,"ExitCode":0,"Error":"","StartedAt":"2024-03-13T17:33:13.700939875Z","FinishedAt":"0001-01-01T00:00:00Z"},"Image":"sha256:29a9da21cabe91a64c760931716be5b389b62a086e385e3e8918e33e0bf8f0bd","ResolvConfPath":"/var/lib/docker/containers/a031e60f9d69d1ce8c5da2cff1fb8f3f241a7eeecd4dfc983eed5d1b429419e0/resolv.conf","HostnamePath":"/var/lib/docker/containers/a031e60f9d69d1ce8c5da2cff1fb8f3f241a7eeecd4dfc983eed5d1b429419e0/hostname","HostsPath":"/var/lib/docker/containers/a031e60f9d69d1ce8c5da2cff1fb8f3f241a7eeecd4dfc983eed5d1b429419e0/hosts","LogPath":"/var/lib/docker/containers/a031e60f9d69d1ce8c5da2cff1fb8f3f241a7eeecd4dfc983eed5d1b429419e0/a031e60f9d69d1ce8c5da2cff1fb8f3f241a7eeecd4dfc983eed5d1b429419e0-json.log","Name":"/frosty_buck","RestartCount":0,"Driver":"overlay2","Platform":"linux","MountLabel":"","ProcessLabel":"","AppArmorProfile":"","ExecIDs":null,"HostConfig":{"Binds":[],"ContainerIDFile":"","LogConfig":{"Type":"json-file","Config":{}},"NetworkMode":"bridge","PortBindings":{"4444/tcp":[{"HostIp":"0.0.0.0","HostPort":"0"}]},"RestartPolicy":{"Name":"no","MaximumRetryCount":0},"AutoRemove":false,"VolumeDriver":"","VolumesFrom":null,"ConsoleSize":[0,0],"CapAdd":["SYS_ADMIN"],"CapDrop":null,"CgroupnsMode":"private","Dns":null,"DnsOptions":null,"DnsSearch":null,"ExtraHosts":[],"GroupAdd":null,"IpcMode":"private","Cgroup":"","Links":null,"OomScoreAdj":0,"PidMode":"","Privileged":false,"PublishAllPorts":true,"ReadonlyRootfs":false,"SecurityOpt":null,"UTSMode":"","UsernsMode":"","ShmSize":268435456,"Runtime":"runc","Isolation":"","CpuShares":0,"Memory":0,"NanoCpus":0,"CgroupParent":"","BlkioWeight":0,"BlkioWeightDevice":null,"BlkioDeviceReadBps":null,"BlkioDeviceWriteBps":null,"BlkioDeviceReadIOps":null,"BlkioDeviceWriteIOps":null,"CpuPeriod":0,"CpuQuota":0,"CpuRealtimePeriod":0,"CpuRealtimeRuntime":0,"CpusetCpus":"","CpusetMems":"","Devices":null,"DeviceCgroupRules":null,"DeviceRequests":null,"MemoryReservation":0,"MemorySwap":0,"MemorySwappiness":null,"OomKillDisable":null,"PidsLimit":null,"Ulimits":null,"CpuCount":0,"CpuPercent":0,"IOMaximumIOps":0,"IOMaximumBandwidth":0,"Mounts":[{"Type":"tmpfs","Target":"/tmp","TmpfsOptions":{"SizeBytes":134217728}}],"MaskedPaths":["/proc/asound","/proc/acpi","/proc/kcore","/proc/keys","/proc/latency_stats","/proc/timer_list","/proc/timer_stats","/proc/sched_debug","/proc/scsi","/sys/firmware","/sys/devices/virtual/powercap"],"ReadonlyPaths":["/proc/bus","/proc/fs","/proc/irq","/proc/sys","/proc/sysrq-trigger"]},"GraphDriver":{"Data":{"LowerDir":"/var/lib/docker/overlay2/0b5ba5c7b62663d9dc5a924468474ceac89bd5ca93cbfd767b3a9a016514baf7-init/diff:/var/lib/docker/overlay2/81125c8070cdc6c65b4ae2fdf73a83d542b2e14545f302dae2099bf5790de9b7/diff:/var/lib/docker/overlay2/e53dabef0079832bda267b576ce0557918ca5d75e0af157f80c64cfcdc9ced83/diff:/var/lib/docker/overlay2/7656a8e705e2ff44cc30c5a7af4d6393537bcac2fa0e919ca295ab54623fff21/diff:/var/lib/docker/overlay2/5bee710b8669a79261e66123edfaa4e50d2047f8851f74e4514c1ee0846b23e0/diff:/var/lib/docker/overlay2/e85a4abc06af81171c4dfa492407fa58976432f72a221a90783995e1f4d84e17/diff:/var/lib/docker/overlay2/ab4a8b7df978d330d2c6c865734b9acf18b2661eed2e108c39a777a4df3701f3/diff:/var/lib/docker/overlay2/93d93d45d113c3a9043c62c5834606ef4576f174b6ed8bd9ff7e109298081911/diff:/var/lib/docker/overlay2/e9431f42796bd35bfd67bd7bb8c9df1bc2802d0841a7d570f1bbfb56ca453f12/diff:/var/lib/docker/overlay2/ee73111defd804fbfbb8a48987d79c641f7b2693b041e4e9b8b2e79a3f2fe83b/diff:/var/lib/docker/overlay2/e3d385fa4102d0ca28de7bae9059d902f9f971a3db8cd6a8ff12d5bde8dd6f22/diff:/var/lib/docker/overlay2/f172a0b085d8b2f7cf220561e043f7714b79edd3c7fd0e1a8b22fe682113c918/diff:/var/lib/docker/overlay2/86321cde95c242d6f3a091789a514d043056001422c21d71996b9922a0b3fc6a/diff:/var/lib/docker/overlay2/5f1ecdc0a138c40fa2d42fb0a0da2d597ec6684133a0a1639b0f95f63e0aae3a/diff","MergedDir":"/var/lib/docker/overlay2/0b5ba5c7b62663d9dc5a924468474ceac89bd5ca93cbfd767b3a9a016514baf7/merged","UpperDir":"/var/lib/docker/overlay2/0b5ba5c7b62663d9dc5a924468474ceac89bd5ca93cbfd767b3a9a016514baf7/diff","WorkDir":"/var/lib/docker/overlay2/0b5ba5c7b62663d9dc5a924468474ceac89bd5ca93cbfd767b3a9a016514baf7/work"},"Name":"overlay2"},"Mounts":[{"Type":"tmpfs","Source":"","Destination":"/tmp","Mode":"","RW":true,"Propagation":""}],"Config":{"Hostname":"a031e60f9d69","Domainname":"","User":"selenium","AttachStdin":false,"AttachStdout":false,"AttachStderr":false,"ExposedPorts":{"4444/tcp":{}},"Tty":false,"OpenStdin":false,"StdinOnce":false,"Env":["TZ=Etc/UTC","LANGUAGE=EN","SCREEN_RESOLUTION=1280x1080x24","DRIVER_ARGS=--whitelisted-ips= --allowed-origins=*","PATH=/usr/local/sbin:/usr/local/bin:/usr/sbin:/usr/bin:/sbin:/bin","DBUS_SESSION_BUS_ADDRESS=/dev/null"],"Cmd":null,"Image":"selenoid/vnc:chrome_122.0","Volumes":null,"WorkingDir":"","Entrypoint":["/entrypoint.sh"],"OnBuild":null,"Labels":{"browser":"google-chrome-stable:122.0.6261.94-1","driver":"chromedriver:122.0.6261.94","org.opencontainers.image.ref.name":"ubuntu","org.opencontainers.image.version":"22.04"}},"NetworkSettings":{"Bridge":"","SandboxID":"e2e3734a4194487b3436c782a2a3053ef08ff0387fca43a8e81f96550e80d94b","SandboxKey":"/var/run/docker/netns/e2e3734a4194","Ports":{"4444/tcp":[]},"HairpinMode":false,"LinkLocalIPv6Address":"","LinkLocalIPv6PrefixLen":0,"SecondaryIPAddresses":null,"SecondaryIPv6Addresses":null,"EndpointID":"0f4ec5c6d010212c361db273af12b9a9445fc5816b5427d65a2cce3bb4adcf66","Gateway":"172.17.0.1","GlobalIPv6Address":"","GlobalIPv6PrefixLen":0,"IPAddress":"172.17.0.2","IPPrefixLen":16,"IPv6Gateway":"","MacAddress":"02:42:ac:11:00:02","Networks":{"bridge":{"IPAMConfig":null,"Links":null,"Aliases":null,"MacAddress":"02:42:ac:11:00:02","NetworkID":"b08c31cf0e7062331bf86fbaef1442bacc222806dd0885503d03dd1ffdcd2d5a","EndpointID":"0f4ec5c6d010212c361db273af12b9a9445fc5816b5427d65a2cce3bb4adcf66","Gateway":"172.17.0.1","IPAddress":"172.17.0.2","IPPrefixLen":16,"IPv6Gateway":"","GlobalIPv6Address":"","GlobalIPv6PrefixLen":0,"DriverOpts":null,"DNSNames":null}}}}[\n]"
17:33:14.310 [main] DEBUG org.apache.hc.client5.http.wire -- http-outgoing-0 << "[\r][\n]"
17:33:14.310 [main] DEBUG org.apache.hc.client5.http.wire -- http-outgoing-0 << "0[\r][\n]"
17:33:14.310 [main] DEBUG org.apache.hc.client5.http.wire -- http-outgoing-0 << "[\r][\n]"
17:33:14.354 [main] DEBUG org.apache.hc.client5.http.impl.classic.InternalHttpClient -- ep-0000000003 releasing valid endpoint
17:33:14.354 [main] DEBUG org.apache.hc.client5.http.impl.io.PoolingHttpClientConnectionManager -- ep-0000000003 releasing endpoint
17:33:14.354 [main] DEBUG org.apache.hc.client5.http.impl.io.PoolingHttpClientConnectionManager -- ep-0000000003 connection http-outgoing-0 can be kept alive for 3 MINUTES
17:33:14.354 [main] DEBUG org.apache.hc.client5.http.impl.io.PoolingHttpClientConnectionManager -- ep-0000000003 connection released [route: {}->unix://localhost:2375][total available: 1; route allocated: 1 of 2147483647; total allocated: 1 of 2147483647]
17:33:14.354 [main] DEBUG com.github.dockerjava.core.command.AbstrDockerCmd -- Cmd: a031e60f9d69d1ce8c5da2cff1fb8f3f241a7eeecd4dfc983eed5d1b429419e0,false
17:33:14.354 [main] DEBUG com.github.dockerjava.core.exec.InspectContainerCmdExec -- GET: DefaultWebTarget{path=[/containers/a031e60f9d69d1ce8c5da2cff1fb8f3f241a7eeecd4dfc983eed5d1b429419e0/json], queryParams={}}
17:33:14.354 [main] DEBUG org.apache.hc.client5.http.impl.classic.InternalHttpClient -- ex-0000000004 preparing request execution
17:33:14.355 [main] DEBUG org.apache.hc.client5.http.impl.classic.ProtocolExec -- ex-0000000004 target auth state: UNCHALLENGED
17:33:14.355 [main] DEBUG org.apache.hc.client5.http.impl.classic.ProtocolExec -- ex-0000000004 proxy auth state: UNCHALLENGED
17:33:14.355 [main] DEBUG org.apache.hc.client5.http.impl.classic.ConnectExec -- ex-0000000004 acquiring connection with route {}->unix://localhost:2375
17:33:14.355 [main] DEBUG org.apache.hc.client5.http.impl.classic.InternalHttpClient -- ex-0000000004 acquiring endpoint (3 MINUTES)
17:33:14.355 [main] DEBUG org.apache.hc.client5.http.impl.io.PoolingHttpClientConnectionManager -- ex-0000000004 endpoint lease request (3 MINUTES) [route: {}->unix://localhost:2375][total available: 1; route allocated: 1 of 2147483647; total allocated: 1 of 2147483647]
17:33:14.355 [main] DEBUG org.apache.hc.client5.http.impl.io.PoolingHttpClientConnectionManager -- ex-0000000004 endpoint leased [route: {}->unix://localhost:2375][total available: 0; route allocated: 1 of 2147483647; total allocated: 1 of 2147483647]
17:33:14.355 [main] DEBUG org.apache.hc.client5.http.impl.io.PoolingHttpClientConnectionManager -- ex-0000000004 acquired ep-0000000004
17:33:14.355 [main] DEBUG org.apache.hc.client5.http.impl.classic.InternalHttpClient -- ex-0000000004 acquired endpoint ep-0000000004
17:33:14.355 [main] DEBUG org.apache.hc.client5.http.impl.classic.MainClientExec -- ex-0000000004 executing GET /containers/a031e60f9d69d1ce8c5da2cff1fb8f3f241a7eeecd4dfc983eed5d1b429419e0/json HTTP/1.1
17:33:14.355 [main] DEBUG org.apache.hc.client5.http.protocol.RequestAddCookies -- ex-0000000004 Cookie spec selected: strict
17:33:14.355 [main] DEBUG org.apache.hc.client5.http.impl.classic.InternalHttpClient -- ep-0000000004 start execution ex-0000000004
17:33:14.355 [main] DEBUG org.apache.hc.client5.http.impl.io.PoolingHttpClientConnectionManager -- ep-0000000004 executing exchange ex-0000000004 over http-outgoing-0
17:33:14.355 [main] DEBUG org.apache.hc.client5.http.headers -- http-outgoing-0 >> GET /containers/a031e60f9d69d1ce8c5da2cff1fb8f3f241a7eeecd4dfc983eed5d1b429419e0/json HTTP/1.1
17:33:14.355 [main] DEBUG org.apache.hc.client5.http.headers -- http-outgoing-0 >> accept: application/json
17:33:14.355 [main] DEBUG org.apache.hc.client5.http.headers -- http-outgoing-0 >> Accept-Encoding: gzip, x-gzip, deflate, br
17:33:14.355 [main] DEBUG org.apache.hc.client5.http.headers -- http-outgoing-0 >> Host: localhost:2375
17:33:14.355 [main] DEBUG org.apache.hc.client5.http.headers -- http-outgoing-0 >> Connection: keep-alive
17:33:14.355 [main] DEBUG org.apache.hc.client5.http.headers -- http-outgoing-0 >> User-Agent: Apache-HttpClient/5.2.1 (Java/17.0.6)
17:33:14.355 [main] DEBUG org.apache.hc.client5.http.wire -- http-outgoing-0 >> "GET /containers/a031e60f9d69d1ce8c5da2cff1fb8f3f241a7eeecd4dfc983eed5d1b429419e0/json HTTP/1.1[\r][\n]"
17:33:14.355 [main] DEBUG org.apache.hc.client5.http.wire -- http-outgoing-0 >> "accept: application/json[\r][\n]"
17:33:14.355 [main] DEBUG org.apache.hc.client5.http.wire -- http-outgoing-0 >> "Accept-Encoding: gzip, x-gzip, deflate, br[\r][\n]"
17:33:14.355 [main] DEBUG org.apache.hc.client5.http.wire -- http-outgoing-0 >> "Host: localhost:2375[\r][\n]"
17:33:14.355 [main] DEBUG org.apache.hc.client5.http.wire -- http-outgoing-0 >> "Connection: keep-alive[\r][\n]"
17:33:14.355 [main] DEBUG org.apache.hc.client5.http.wire -- http-outgoing-0 >> "User-Agent: Apache-HttpClient/5.2.1 (Java/17.0.6)[\r][\n]"
17:33:14.355 [main] DEBUG org.apache.hc.client5.http.wire -- http-outgoing-0 >> "[\r][\n]"
17:33:14.357 [main] DEBUG org.apache.hc.client5.http.wire -- http-outgoing-0 << "HTTP/1.1 200 OK[\r][\n]"
17:33:14.357 [main] DEBUG org.apache.hc.client5.http.wire -- http-outgoing-0 << "Api-Version: 1.44[\r][\n]"
17:33:14.357 [main] DEBUG org.apache.hc.client5.http.wire -- http-outgoing-0 << "Content-Type: application/json[\r][\n]"
17:33:14.357 [main] DEBUG org.apache.hc.client5.http.wire -- http-outgoing-0 << "Date: Wed, 13 Mar 2024 17:33:13 GMT[\r][\n]"
17:33:14.357 [main] DEBUG org.apache.hc.client5.http.wire -- http-outgoing-0 << "Docker-Experimental: false[\r][\n]"
17:33:14.357 [main] DEBUG org.apache.hc.client5.http.wire -- http-outgoing-0 << "Ostype: linux[\r][\n]"
17:33:14.357 [main] DEBUG org.apache.hc.client5.http.wire -- http-outgoing-0 << "Server: Docker/25.0.3 (linux)[\r][\n]"
17:33:14.357 [main] DEBUG org.apache.hc.client5.http.wire -- http-outgoing-0 << "Transfer-Encoding: chunked[\r][\n]"
17:33:14.357 [main] DEBUG org.apache.hc.client5.http.wire -- http-outgoing-0 << "[\r][\n]"
17:33:14.357 [main] DEBUG org.apache.hc.client5.http.headers -- http-outgoing-0 << HTTP/1.1 200 OK
17:33:14.357 [main] DEBUG org.apache.hc.client5.http.headers -- http-outgoing-0 << Api-Version: 1.44
17:33:14.357 [main] DEBUG org.apache.hc.client5.http.headers -- http-outgoing-0 << Content-Type: application/json
17:33:14.357 [main] DEBUG org.apache.hc.client5.http.headers -- http-outgoing-0 << Date: Wed, 13 Mar 2024 17:33:13 GMT
17:33:14.357 [main] DEBUG org.apache.hc.client5.http.headers -- http-outgoing-0 << Docker-Experimental: false
17:33:14.357 [main] DEBUG org.apache.hc.client5.http.headers -- http-outgoing-0 << Ostype: linux
17:33:14.357 [main] DEBUG org.apache.hc.client5.http.headers -- http-outgoing-0 << Server: Docker/25.0.3 (linux)
17:33:14.357 [main] DEBUG org.apache.hc.client5.http.headers -- http-outgoing-0 << Transfer-Encoding: chunked
17:33:14.357 [main] DEBUG org.apache.hc.client5.http.impl.classic.MainClientExec -- ex-0000000004 connection can be kept alive for 3 MINUTES
17:33:14.357 [main] DEBUG org.apache.hc.client5.http.wire -- http-outgoing-0 << "18a6[\r][\n]"
17:33:14.358 [main] DEBUG org.apache.hc.client5.http.wire -- http-outgoing-0 << "{"Id":"a031e60f9d69d1ce8c5da2cff1fb8f3f241a7eeecd4dfc983eed5d1b429419e0","Created":"2024-03-13T17:33:13.517873291Z","Path":"/entrypoint.sh","Args":[],"State":{"Status":"running","Running":true,"Paused":false,"Restarting":false,"OOMKilled":false,"Dead":false,"Pid":501,"ExitCode":0,"Error":"","StartedAt":"2024-03-13T17:33:13.700939875Z","FinishedAt":"0001-01-01T00:00:00Z"},"Image":"sha256:29a9da21cabe91a64c760931716be5b389b62a086e385e3e8918e33e0bf8f0bd","ResolvConfPath":"/var/lib/docker/containers/a031e60f9d69d1ce8c5da2cff1fb8f3f241a7eeecd4dfc983eed5d1b429419e0/resolv.conf","HostnamePath":"/var/lib/docker/containers/a031e60f9d69d1ce8c5da2cff1fb8f3f241a7eeecd4dfc983eed5d1b429419e0/hostname","HostsPath":"/var/lib/docker/containers/a031e60f9d69d1ce8c5da2cff1fb8f3f241a7eeecd4dfc983eed5d1b429419e0/hosts","LogPath":"/var/lib/docker/containers/a031e60f9d69d1ce8c5da2cff1fb8f3f241a7eeecd4dfc983eed5d1b429419e0/a031e60f9d69d1ce8c5da2cff1fb8f3f241a7eeecd4dfc983eed5d1b429419e0-json.log","Name":"/frosty_buck","RestartCount":0,"Driver":"overlay2","Platform":"linux","MountLabel":"","ProcessLabel":"","AppArmorProfile":"","ExecIDs":null,"HostConfig":{"Binds":[],"ContainerIDFile":"","LogConfig":{"Type":"json-file","Config":{}},"NetworkMode":"bridge","PortBindings":{"4444/tcp":[{"HostIp":"0.0.0.0","HostPort":"0"}]},"RestartPolicy":{"Name":"no","MaximumRetryCount":0},"AutoRemove":false,"VolumeDriver":"","VolumesFrom":null,"ConsoleSize":[0,0],"CapAdd":["SYS_ADMIN"],"CapDrop":null,"CgroupnsMode":"private","Dns":null,"DnsOptions":null,"DnsSearch":null,"ExtraHosts":[],"GroupAdd":null,"IpcMode":"private","Cgroup":"","Links":null,"OomScoreAdj":0,"PidMode":"","Privileged":false,"PublishAllPorts":true,"ReadonlyRootfs":false,"SecurityOpt":null,"UTSMode":"","UsernsMode":"","ShmSize":268435456,"Runtime":"runc","Isolation":"","CpuShares":0,"Memory":0,"NanoCpus":0,"CgroupParent":"","BlkioWeight":0,"BlkioWeightDevice":null,"BlkioDeviceReadBps":null,"BlkioDeviceWriteBps":null,"BlkioDeviceReadIOps":null,"BlkioDeviceWriteIOps":null,"CpuPeriod":0,"CpuQuota":0,"CpuRealtimePeriod":0,"CpuRealtimeRuntime":0,"CpusetCpus":"","CpusetMems":"","Devices":null,"DeviceCgroupRules":null,"DeviceRequests":null,"MemoryReservation":0,"MemorySwap":0,"MemorySwappiness":null,"OomKillDisable":null,"PidsLimit":null,"Ulimits":null,"CpuCount":0,"CpuPercent":0,"IOMaximumIOps":0,"IOMaximumBandwidth":0,"Mounts":[{"Type":"tmpfs","Target":"/tmp","TmpfsOptions":{"SizeBytes":134217728}}],"MaskedPaths":["/proc/asound","/proc/acpi","/proc/kcore","/proc/keys","/proc/latency_stats","/proc/timer_list","/proc/timer_stats","/proc/sched_debug","/proc/scsi","/sys/firmware","/sys/devices/virtual/powercap"],"ReadonlyPaths":["/proc/bus","/proc/fs","/proc/irq","/proc/sys","/proc/sysrq-trigger"]},"GraphDriver":{"Data":{"LowerDir":"/var/lib/docker/overlay2/0b5ba5c7b62663d9dc5a924468474ceac89bd5ca93cbfd767b3a9a016514baf7-init/diff:/var/lib/docker/overlay2/81125c8070cdc6c65b4ae2fdf73a83d542b2e14545f302dae2099bf5790de9b7/diff:/var/lib/docker/overlay2/e53dabef0079832bda267b576ce0557918ca5d75e0af157f80c64cfcdc9ced83/diff:/var/lib/docker/overlay2/7656a8e705e2ff44cc30c5a7af4d6393537bcac2fa0e919ca295ab54623fff21/diff:/var/lib/docker/overlay2/5bee710b8669a79261e66123edfaa4e50d2047f8851f74e4514c1ee0846b23e0/diff:/var/lib/docker/overlay2/e85a4abc06af81171c4dfa492407fa58976432f72a221a90783995e1f4d84e17/diff:/var/lib/docker/overlay2/ab4a8b7df978d330d2c6c865734b9acf18b2661eed2e108c39a777a4df3701f3/diff:/var/lib/docker/overlay2/93d93d45d113c3a9043c62c5834606ef4576f174b6ed8bd9ff7e109298081911/diff:/var/lib/docker/overlay2/e9431f42796bd35bfd67bd7bb8c9df1bc2802d0841a7d570f1bbfb56ca453f12/diff:/var/lib/docker/overlay2/ee73111defd804fbfbb8a48987d79c641f7b2693b041e4e9b8b2e79a3f2fe83b/diff:/var/lib/docker/overlay2/e3d385fa4102d0ca28de7bae9059d902f9f971a3db8cd6a8ff12d5bde8dd6f22/diff:/var/lib/docker/overlay2/f172a0b085d8b2f7cf220561e043f7714b79edd3c7fd0e1a8b22fe682113c918/diff:/var/lib/docker/overlay2/86321cde95c242d6f3a091789a514d043056001422c21d71996b9922a0b3fc6a/diff:/var/lib/docker/overlay2/5f1ecdc0a138c40fa2d42fb0a0da2d597ec6684133a0a1639b0f95f63e0aae3a/diff","MergedDir":"/var/lib/docker/overlay2/0b5ba5c7b62663d9dc5a924468474ceac89bd5ca93cbfd767b3a9a016514baf7/merged","UpperDir":"/var/lib/docker/overlay2/0b5ba5c7b62663d9dc5a924468474ceac89bd5ca93cbfd767b3a9a016514baf7/diff","WorkDir":"/var/lib/docker/overlay2/0b5ba5c7b62663d9dc5a924468474ceac89bd5ca93cbfd767b3a9a016514baf7/work"},"Name":"overlay2"},"Mounts":[{"Type":"tmpfs","Source":"","Destination":"/tmp","Mode":"","RW":true,"Propagation":""}],"Config":{"Hostname":"a031e60f9d69","Domainname":"","User":"selenium","AttachStdin":false,"AttachStdout":false,"AttachStderr":false,"ExposedPorts":{"4444/tcp":{}},"Tty":false,"OpenStdin":false,"StdinOnce":false,"Env":["TZ=Etc/UTC","LANGUAGE=EN","SCREEN_RESOLUTION=1280x1080x24","DRIVER_ARGS=--whitelisted-ips= --allowed-origins=*","PATH=/usr/local/sbin:/usr/local/bin:/usr/sbin:/usr/bin:/sbin:/bin","DBUS_SESSION_BUS_ADDRESS=/dev/null"],"Cmd":null,"Image":"selenoid/vnc:chrome_122.0","Volumes":null,"WorkingDir":"","Entrypoint":["/entrypoint.sh"],"OnBuild":null,"Labels":{"browser":"google-chrome-stable:122.0.6261.94-1","driver":"chromedriver:122.0.6261.94","org.opencontainers.image.ref.name":"ubuntu","org.opencontainers.image.version":"22.04"}},"NetworkSettings":{"Bridge":"","SandboxID":"e2e3734a4194487b3436c782a2a3053ef08ff0387fca43a8e81f96550e80d94b","SandboxKey":"/var/run/docker/netns/e2e3734a4194","Ports":{"4444/tcp":[]},"HairpinMode":false,"LinkLocalIPv6Address":"","LinkLocalIPv6PrefixLen":0,"SecondaryIPAddresses":null,"SecondaryIPv6Addresses":null,"EndpointID":"0f4ec5c6d010212c361db273af12b9a9445fc5816b5427d65a2cce3bb4adcf66","Gateway":"172.17.0.1","GlobalIPv6Address":"","GlobalIPv6PrefixLen":0,"IPAddress":"172.17.0.2","IPPrefixLen":16,"IPv6Gateway":"","MacAddress":"02:42:ac:11:00:02","Networks":{"bridge":{"IPAMConfig":null,"Links":null,"Aliases":null,"MacAddress":"02:42:ac:11:00:02","NetworkID":"b08c31cf0e7062331bf86fbaef1442bacc222806dd0885503d03dd1ffdcd2d5a","EndpointID":"0f4ec5c6d010212c361db273af12b9a9445fc5816b5427d65a2cce3bb4adcf66","Gateway":"172.17.0.1","IPAddress":"172.17.0.2","IPPrefixLen":16,"IPv6Gateway":"","GlobalIPv6Address":"","GlobalIPv6PrefixLen":0,"DriverOpts":null,"DNSNames":null}}}}[\n]"
17:33:14.358 [main] DEBUG org.apache.hc.client5.http.wire -- http-outgoing-0 << "[\r][\n]"
17:33:14.358 [main] DEBUG org.apache.hc.client5.http.wire -- http-outgoing-0 << "0[\r][\n]"
17:33:14.358 [main] DEBUG org.apache.hc.client5.http.wire -- http-outgoing-0 << "[\r][\n]"
17:33:14.359 [main] DEBUG org.apache.hc.client5.http.impl.classic.InternalHttpClient -- ep-0000000004 releasing valid endpoint
17:33:14.359 [main] DEBUG org.apache.hc.client5.http.impl.io.PoolingHttpClientConnectionManager -- ep-0000000004 releasing endpoint
17:33:14.359 [main] DEBUG org.apache.hc.client5.http.impl.io.PoolingHttpClientConnectionManager -- ep-0000000004 connection http-outgoing-0 can be kept alive for 3 MINUTES
17:33:14.359 [main] DEBUG org.apache.hc.client5.http.impl.io.PoolingHttpClientConnectionManager -- ep-0000000004 connection released [route: {}->unix://localhost:2375][total available: 1; route allocated: 1 of 2147483647; total allocated: 1 of 2147483647]
17:33:14.359 [main] DEBUG com.github.dockerjava.core.command.AbstrDockerCmd -- Cmd: a031e60f9d69d1ce8c5da2cff1fb8f3f241a7eeecd4dfc983eed5d1b429419e0,false
17:33:14.359 [main] DEBUG com.github.dockerjava.core.exec.InspectContainerCmdExec -- GET: DefaultWebTarget{path=[/containers/a031e60f9d69d1ce8c5da2cff1fb8f3f241a7eeecd4dfc983eed5d1b429419e0/json], queryParams={}}
17:33:14.359 [main] DEBUG org.apache.hc.client5.http.impl.classic.InternalHttpClient -- ex-0000000005 preparing request execution
17:33:14.359 [main] DEBUG org.apache.hc.client5.http.impl.classic.ProtocolExec -- ex-0000000005 target auth state: UNCHALLENGED
17:33:14.359 [main] DEBUG org.apache.hc.client5.http.impl.classic.ProtocolExec -- ex-0000000005 proxy auth state: UNCHALLENGED
17:33:14.359 [main] DEBUG org.apache.hc.client5.http.impl.classic.ConnectExec -- ex-0000000005 acquiring connection with route {}->unix://localhost:2375
17:33:14.359 [main] DEBUG org.apache.hc.client5.http.impl.classic.InternalHttpClient -- ex-0000000005 acquiring endpoint (3 MINUTES)
17:33:14.359 [main] DEBUG org.apache.hc.client5.http.impl.io.PoolingHttpClientConnectionManager -- ex-0000000005 endpoint lease request (3 MINUTES) [route: {}->unix://localhost:2375][total available: 1; route allocated: 1 of 2147483647; total allocated: 1 of 2147483647]
17:33:14.359 [main] DEBUG org.apache.hc.client5.http.impl.io.PoolingHttpClientConnectionManager -- ex-0000000005 endpoint leased [route: {}->unix://localhost:2375][total available: 0; route allocated: 1 of 2147483647; total allocated: 1 of 2147483647]
17:33:14.359 [main] DEBUG org.apache.hc.client5.http.impl.io.PoolingHttpClientConnectionManager -- ex-0000000005 acquired ep-0000000005
17:33:14.359 [main] DEBUG org.apache.hc.client5.http.impl.classic.InternalHttpClient -- ex-0000000005 acquired endpoint ep-0000000005
17:33:14.360 [main] DEBUG org.apache.hc.client5.http.impl.classic.MainClientExec -- ex-0000000005 executing GET /containers/a031e60f9d69d1ce8c5da2cff1fb8f3f241a7eeecd4dfc983eed5d1b429419e0/json HTTP/1.1
17:33:14.360 [main] DEBUG org.apache.hc.client5.http.protocol.RequestAddCookies -- ex-0000000005 Cookie spec selected: strict
17:33:14.360 [main] DEBUG org.apache.hc.client5.http.impl.classic.InternalHttpClient -- ep-0000000005 start execution ex-0000000005
17:33:14.360 [main] DEBUG org.apache.hc.client5.http.impl.io.PoolingHttpClientConnectionManager -- ep-0000000005 executing exchange ex-0000000005 over http-outgoing-0
17:33:14.360 [main] DEBUG org.apache.hc.client5.http.headers -- http-outgoing-0 >> GET /containers/a031e60f9d69d1ce8c5da2cff1fb8f3f241a7eeecd4dfc983eed5d1b429419e0/json HTTP/1.1
17:33:14.360 [main] DEBUG org.apache.hc.client5.http.headers -- http-outgoing-0 >> accept: application/json
17:33:14.360 [main] DEBUG org.apache.hc.client5.http.headers -- http-outgoing-0 >> Accept-Encoding: gzip, x-gzip, deflate, br
17:33:14.360 [main] DEBUG org.apache.hc.client5.http.headers -- http-outgoing-0 >> Host: localhost:2375
17:33:14.360 [main] DEBUG org.apache.hc.client5.http.headers -- http-outgoing-0 >> Connection: keep-alive
17:33:14.360 [main] DEBUG org.apache.hc.client5.http.headers -- http-outgoing-0 >> User-Agent: Apache-HttpClient/5.2.1 (Java/17.0.6)
17:33:14.360 [main] DEBUG org.apache.hc.client5.http.wire -- http-outgoing-0 >> "GET /containers/a031e60f9d69d1ce8c5da2cff1fb8f3f241a7eeecd4dfc983eed5d1b429419e0/json HTTP/1.1[\r][\n]"
17:33:14.360 [main] DEBUG org.apache.hc.client5.http.wire -- http-outgoing-0 >> "accept: application/json[\r][\n]"
17:33:14.360 [main] DEBUG org.apache.hc.client5.http.wire -- http-outgoing-0 >> "Accept-Encoding: gzip, x-gzip, deflate, br[\r][\n]"
17:33:14.360 [main] DEBUG org.apache.hc.client5.http.wire -- http-outgoing-0 >> "Host: localhost:2375[\r][\n]"
17:33:14.360 [main] DEBUG org.apache.hc.client5.http.wire -- http-outgoing-0 >> "Connection: keep-alive[\r][\n]"
17:33:14.360 [main] DEBUG org.apache.hc.client5.http.wire -- http-outgoing-0 >> "User-Agent: Apache-HttpClient/5.2.1 (Java/17.0.6)[\r][\n]"
17:33:14.360 [main] DEBUG org.apache.hc.client5.http.wire -- http-outgoing-0 >> "[\r][\n]"
17:33:14.364 [main] DEBUG org.apache.hc.client5.http.wire -- http-outgoing-0 << "HTTP/1.1 200 OK[\r][\n]"
17:33:14.364 [main] DEBUG org.apache.hc.client5.http.wire -- http-outgoing-0 << "Api-Version: 1.44[\r][\n]"
17:33:14.364 [main] DEBUG org.apache.hc.client5.http.wire -- http-outgoing-0 << "Content-Type: application/json[\r][\n]"
17:33:14.364 [main] DEBUG org.apache.hc.client5.http.wire -- http-outgoing-0 << "Date: Wed, 13 Mar 2024 17:33:13 GMT[\r][\n]"
17:33:14.364 [main] DEBUG org.apache.hc.client5.http.wire -- http-outgoing-0 << "Docker-Experimental: false[\r][\n]"
17:33:14.364 [main] DEBUG org.apache.hc.client5.http.wire -- http-outgoing-0 << "Ostype: linux[\r][\n]"
17:33:14.364 [main] DEBUG org.apache.hc.client5.http.wire -- http-outgoing-0 << "Server: Docker/25.0.3 (linux)[\r][\n]"
17:33:14.364 [main] DEBUG org.apache.hc.client5.http.wire -- http-outgoing-0 << "Transfer-Encoding: chunked[\r][\n]"
17:33:14.364 [main] DEBUG org.apache.hc.client5.http.wire -- http-outgoing-0 << "[\r][\n]"
17:33:14.364 [main] DEBUG org.apache.hc.client5.http.headers -- http-outgoing-0 << HTTP/1.1 200 OK
17:33:14.364 [main] DEBUG org.apache.hc.client5.http.headers -- http-outgoing-0 << Api-Version: 1.44
17:33:14.364 [main] DEBUG org.apache.hc.client5.http.headers -- http-outgoing-0 << Content-Type: application/json
17:33:14.364 [main] DEBUG org.apache.hc.client5.http.headers -- http-outgoing-0 << Date: Wed, 13 Mar 2024 17:33:13 GMT
17:33:14.365 [main] DEBUG org.apache.hc.client5.http.headers -- http-outgoing-0 << Docker-Experimental: false
17:33:14.365 [main] DEBUG org.apache.hc.client5.http.headers -- http-outgoing-0 << Ostype: linux
17:33:14.365 [main] DEBUG org.apache.hc.client5.http.headers -- http-outgoing-0 << Server: Docker/25.0.3 (linux)
17:33:14.365 [main] DEBUG org.apache.hc.client5.http.headers -- http-outgoing-0 << Transfer-Encoding: chunked
17:33:14.365 [main] DEBUG org.apache.hc.client5.http.impl.classic.MainClientExec -- ex-0000000005 connection can be kept alive for 3 MINUTES
17:33:14.365 [main] DEBUG org.apache.hc.client5.http.wire -- http-outgoing-0 << "18a6[\r][\n]"
17:33:14.365 [main] DEBUG org.apache.hc.client5.http.wire -- http-outgoing-0 << "{"Id":"a031e60f9d69d1ce8c5da2cff1fb8f3f241a7eeecd4dfc983eed5d1b429419e0","Created":"2024-03-13T17:33:13.517873291Z","Path":"/entrypoint.sh","Args":[],"State":{"Status":"running","Running":true,"Paused":false,"Restarting":false,"OOMKilled":false,"Dead":false,"Pid":501,"ExitCode":0,"Error":"","StartedAt":"2024-03-13T17:33:13.700939875Z","FinishedAt":"0001-01-01T00:00:00Z"},"Image":"sha256:29a9da21cabe91a64c760931716be5b389b62a086e385e3e8918e33e0bf8f0bd","ResolvConfPath":"/var/lib/docker/containers/a031e60f9d69d1ce8c5da2cff1fb8f3f241a7eeecd4dfc983eed5d1b429419e0/resolv.conf","HostnamePath":"/var/lib/docker/containers/a031e60f9d69d1ce8c5da2cff1fb8f3f241a7eeecd4dfc983eed5d1b429419e0/hostname","HostsPath":"/var/lib/docker/containers/a031e60f9d69d1ce8c5da2cff1fb8f3f241a7eeecd4dfc983eed5d1b429419e0/hosts","LogPath":"/var/lib/docker/containers/a031e60f9d69d1ce8c5da2cff1fb8f3f241a7eeecd4dfc983eed5d1b429419e0/a031e60f9d69d1ce8c5da2cff1fb8f3f241a7eeecd4dfc983eed5d1b429419e0-json.log","Name":"/frosty_buck","RestartCount":0,"Driver":"overlay2","Platform":"linux","MountLabel":"","ProcessLabel":"","AppArmorProfile":"","ExecIDs":null,"HostConfig":{"Binds":[],"ContainerIDFile":"","LogConfig":{"Type":"json-file","Config":{}},"NetworkMode":"bridge","PortBindings":{"4444/tcp":[{"HostIp":"0.0.0.0","HostPort":"0"}]},"RestartPolicy":{"Name":"no","MaximumRetryCount":0},"AutoRemove":false,"VolumeDriver":"","VolumesFrom":null,"ConsoleSize":[0,0],"CapAdd":["SYS_ADMIN"],"CapDrop":null,"CgroupnsMode":"private","Dns":null,"DnsOptions":null,"DnsSearch":null,"ExtraHosts":[],"GroupAdd":null,"IpcMode":"private","Cgroup":"","Links":null,"OomScoreAdj":0,"PidMode":"","Privileged":false,"PublishAllPorts":true,"ReadonlyRootfs":false,"SecurityOpt":null,"UTSMode":"","UsernsMode":"","ShmSize":268435456,"Runtime":"runc","Isolation":"","CpuShares":0,"Memory":0,"NanoCpus":0,"CgroupParent":"","BlkioWeight":0,"BlkioWeightDevice":null,"BlkioDeviceReadBps":null,"BlkioDeviceWriteBps":null,"BlkioDeviceReadIOps":null,"BlkioDeviceWriteIOps":null,"CpuPeriod":0,"CpuQuota":0,"CpuRealtimePeriod":0,"CpuRealtimeRuntime":0,"CpusetCpus":"","CpusetMems":"","Devices":null,"DeviceCgroupRules":null,"DeviceRequests":null,"MemoryReservation":0,"MemorySwap":0,"MemorySwappiness":null,"OomKillDisable":null,"PidsLimit":null,"Ulimits":null,"CpuCount":0,"CpuPercent":0,"IOMaximumIOps":0,"IOMaximumBandwidth":0,"Mounts":[{"Type":"tmpfs","Target":"/tmp","TmpfsOptions":{"SizeBytes":134217728}}],"MaskedPaths":["/proc/asound","/proc/acpi","/proc/kcore","/proc/keys","/proc/latency_stats","/proc/timer_list","/proc/timer_stats","/proc/sched_debug","/proc/scsi","/sys/firmware","/sys/devices/virtual/powercap"],"ReadonlyPaths":["/proc/bus","/proc/fs","/proc/irq","/proc/sys","/proc/sysrq-trigger"]},"GraphDriver":{"Data":{"LowerDir":"/var/lib/docker/overlay2/0b5ba5c7b62663d9dc5a924468474ceac89bd5ca93cbfd767b3a9a016514baf7-init/diff:/var/lib/docker/overlay2/81125c8070cdc6c65b4ae2fdf73a83d542b2e14545f302dae2099bf5790de9b7/diff:/var/lib/docker/overlay2/e53dabef0079832bda267b576ce0557918ca5d75e0af157f80c64cfcdc9ced83/diff:/var/lib/docker/overlay2/7656a8e705e2ff44cc30c5a7af4d6393537bcac2fa0e919ca295ab54623fff21/diff:/var/lib/docker/overlay2/5bee710b8669a79261e66123edfaa4e50d2047f8851f74e4514c1ee0846b23e0/diff:/var/lib/docker/overlay2/e85a4abc06af81171c4dfa492407fa58976432f72a221a90783995e1f4d84e17/diff:/var/lib/docker/overlay2/ab4a8b7df978d330d2c6c865734b9acf18b2661eed2e108c39a777a4df3701f3/diff:/var/lib/docker/overlay2/93d93d45d113c3a9043c62c5834606ef4576f174b6ed8bd9ff7e109298081911/diff:/var/lib/docker/overlay2/e9431f42796bd35bfd67bd7bb8c9df1bc2802d0841a7d570f1bbfb56ca453f12/diff:/var/lib/docker/overlay2/ee73111defd804fbfbb8a48987d79c641f7b2693b041e4e9b8b2e79a3f2fe83b/diff:/var/lib/docker/overlay2/e3d385fa4102d0ca28de7bae9059d902f9f971a3db8cd6a8ff12d5bde8dd6f22/diff:/var/lib/docker/overlay2/f172a0b085d8b2f7cf220561e043f7714b79edd3c7fd0e1a8b22fe682113c918/diff:/var/lib/docker/overlay2/86321cde95c242d6f3a091789a514d043056001422c21d71996b9922a0b3fc6a/diff:/var/lib/docker/overlay2/5f1ecdc0a138c40fa2d42fb0a0da2d597ec6684133a0a1639b0f95f63e0aae3a/diff","MergedDir":"/var/lib/docker/overlay2/0b5ba5c7b62663d9dc5a924468474ceac89bd5ca93cbfd767b3a9a016514baf7/merged","UpperDir":"/var/lib/docker/overlay2/0b5ba5c7b62663d9dc5a924468474ceac89bd5ca93cbfd767b3a9a016514baf7/diff","WorkDir":"/var/lib/docker/overlay2/0b5ba5c7b62663d9dc5a924468474ceac89bd5ca93cbfd767b3a9a016514baf7/work"},"Name":"overlay2"},"Mounts":[{"Type":"tmpfs","Source":"","Destination":"/tmp","Mode":"","RW":true,"Propagation":""}],"Config":{"Hostname":"a031e60f9d69","Domainname":"","User":"selenium","AttachStdin":false,"AttachStdout":false,"AttachStderr":false,"ExposedPorts":{"4444/tcp":{}},"Tty":false,"OpenStdin":false,"StdinOnce":false,"Env":["TZ=Etc/UTC","LANGUAGE=EN","SCREEN_RESOLUTION=1280x1080x24","DRIVER_ARGS=--whitelisted-ips= --allowed-origins=*","PATH=/usr/local/sbin:/usr/local/bin:/usr/sbin:/usr/bin:/sbin:/bin","DBUS_SESSION_BUS_ADDRESS=/dev/null"],"Cmd":null,"Image":"selenoid/vnc:chrome_122.0","Volumes":null,"WorkingDir":"","Entrypoint":["/entrypoint.sh"],"OnBuild":null,"Labels":{"browser":"google-chrome-stable:122.0.6261.94-1","driver":"chromedriver:122.0.6261.94","org.opencontainers.image.ref.name":"ubuntu","org.opencontainers.image.version":"22.04"}},"NetworkSettings":{"Bridge":"","SandboxID":"e2e3734a4194487b3436c782a2a3053ef08ff0387fca43a8e81f96550e80d94b","SandboxKey":"/var/run/docker/netns/e2e3734a4194","Ports":{"4444/tcp":[]},"HairpinMode":false,"LinkLocalIPv6Address":"","LinkLocalIPv6PrefixLen":0,"SecondaryIPAddresses":null,"SecondaryIPv6Addresses":null,"EndpointID":"0f4ec5c6d010212c361db273af12b9a9445fc5816b5427d65a2cce3bb4adcf66","Gateway":"172.17.0.1","GlobalIPv6Address":"","GlobalIPv6PrefixLen":0,"IPAddress":"172.17.0.2","IPPrefixLen":16,"IPv6Gateway":"","MacAddress":"02:42:ac:11:00:02","Networks":{"bridge":{"IPAMConfig":null,"Links":null,"Aliases":null,"MacAddress":"02:42:ac:11:00:02","NetworkID":"b08c31cf0e7062331bf86fbaef1442bacc222806dd0885503d03dd1ffdcd2d5a","EndpointID":"0f4ec5c6d010212c361db273af12b9a9445fc5816b5427d65a2cce3bb4adcf66","Gateway":"172.17.0.1","IPAddress":"172.17.0.2","IPPrefixLen":16,"IPv6Gateway":"","GlobalIPv6Address":"","GlobalIPv6PrefixLen":0,"DriverOpts":null,"DNSNames":null}}}}[\n]"
17:33:14.365 [main] DEBUG org.apache.hc.client5.http.wire -- http-outgoing-0 << "[\r][\n]"
17:33:14.365 [main] DEBUG org.apache.hc.client5.http.wire -- http-outgoing-0 << "0[\r][\n]"
17:33:14.365 [main] DEBUG org.apache.hc.client5.http.wire -- http-outgoing-0 << "[\r][\n]"
17:33:14.366 [main] DEBUG org.apache.hc.client5.http.impl.classic.InternalHttpClient -- ep-0000000005 releasing valid endpoint
17:33:14.366 [main] DEBUG org.apache.hc.client5.http.impl.io.PoolingHttpClientConnectionManager -- ep-0000000005 releasing endpoint
17:33:14.366 [main] DEBUG org.apache.hc.client5.http.impl.io.PoolingHttpClientConnectionManager -- ep-0000000005 connection http-outgoing-0 can be kept alive for 3 MINUTES
17:33:14.366 [main] DEBUG org.apache.hc.client5.http.impl.io.PoolingHttpClientConnectionManager -- ep-0000000005 connection released [route: {}->unix://localhost:2375][total available: 1; route allocated: 1 of 2147483647; total allocated: 1 of 2147483647]
17:33:14.866 [main] DEBUG com.github.dockerjava.core.command.AbstrDockerCmd -- Cmd: a031e60f9d69d1ce8c5da2cff1fb8f3f241a7eeecd4dfc983eed5d1b429419e0,false
17:33:14.867 [main] DEBUG com.github.dockerjava.core.exec.InspectContainerCmdExec -- GET: DefaultWebTarget{path=[/containers/a031e60f9d69d1ce8c5da2cff1fb8f3f241a7eeecd4dfc983eed5d1b429419e0/json], queryParams={}}
17:33:14.868 [main] DEBUG org.apache.hc.client5.http.impl.classic.InternalHttpClient -- ex-0000000006 preparing request execution
17:33:14.868 [main] DEBUG org.apache.hc.client5.http.impl.classic.ProtocolExec -- ex-0000000006 target auth state: UNCHALLENGED
17:33:14.868 [main] DEBUG org.apache.hc.client5.http.impl.classic.ProtocolExec -- ex-0000000006 proxy auth state: UNCHALLENGED
17:33:14.868 [main] DEBUG org.apache.hc.client5.http.impl.classic.ConnectExec -- ex-0000000006 acquiring connection with route {}->unix://localhost:2375
17:33:14.868 [main] DEBUG org.apache.hc.client5.http.impl.classic.InternalHttpClient -- ex-0000000006 acquiring endpoint (3 MINUTES)
17:33:14.868 [main] DEBUG org.apache.hc.client5.http.impl.io.PoolingHttpClientConnectionManager -- ex-0000000006 endpoint lease request (3 MINUTES) [route: {}->unix://localhost:2375][total available: 1; route allocated: 1 of 2147483647; total allocated: 1 of 2147483647]
17:33:14.868 [main] DEBUG org.apache.hc.client5.http.impl.io.PoolingHttpClientConnectionManager -- ex-0000000006 endpoint leased [route: {}->unix://localhost:2375][total available: 0; route allocated: 1 of 2147483647; total allocated: 1 of 2147483647]
17:33:14.868 [main] DEBUG org.apache.hc.client5.http.impl.io.PoolingHttpClientConnectionManager -- ex-0000000006 acquired ep-0000000006
17:33:14.868 [main] DEBUG org.apache.hc.client5.http.impl.classic.InternalHttpClient -- ex-0000000006 acquired endpoint ep-0000000006
17:33:14.868 [main] DEBUG org.apache.hc.client5.http.impl.classic.MainClientExec -- ex-0000000006 executing GET /containers/a031e60f9d69d1ce8c5da2cff1fb8f3f241a7eeecd4dfc983eed5d1b429419e0/json HTTP/1.1
17:33:14.869 [main] DEBUG org.apache.hc.client5.http.protocol.RequestAddCookies -- ex-0000000006 Cookie spec selected: strict
17:33:14.869 [main] DEBUG org.apache.hc.client5.http.impl.classic.InternalHttpClient -- ep-0000000006 start execution ex-0000000006
17:33:14.869 [main] DEBUG org.apache.hc.client5.http.impl.io.PoolingHttpClientConnectionManager -- ep-0000000006 executing exchange ex-0000000006 over http-outgoing-0
17:33:14.869 [main] DEBUG org.apache.hc.client5.http.headers -- http-outgoing-0 >> GET /containers/a031e60f9d69d1ce8c5da2cff1fb8f3f241a7eeecd4dfc983eed5d1b429419e0/json HTTP/1.1
17:33:14.869 [main] DEBUG org.apache.hc.client5.http.headers -- http-outgoing-0 >> accept: application/json
17:33:14.869 [main] DEBUG org.apache.hc.client5.http.headers -- http-outgoing-0 >> Accept-Encoding: gzip, x-gzip, deflate, br
17:33:14.869 [main] DEBUG org.apache.hc.client5.http.headers -- http-outgoing-0 >> Host: localhost:2375
17:33:14.869 [main] DEBUG org.apache.hc.client5.http.headers -- http-outgoing-0 >> Connection: keep-alive
17:33:14.869 [main] DEBUG org.apache.hc.client5.http.headers -- http-outgoing-0 >> User-Agent: Apache-HttpClient/5.2.1 (Java/17.0.6)
17:33:14.869 [main] DEBUG org.apache.hc.client5.http.wire -- http-outgoing-0 >> "GET /containers/a031e60f9d69d1ce8c5da2cff1fb8f3f241a7eeecd4dfc983eed5d1b429419e0/json HTTP/1.1[\r][\n]"
17:33:14.869 [main] DEBUG org.apache.hc.client5.http.wire -- http-outgoing-0 >> "accept: application/json[\r][\n]"
17:33:14.869 [main] DEBUG org.apache.hc.client5.http.wire -- http-outgoing-0 >> "Accept-Encoding: gzip, x-gzip, deflate, br[\r][\n]"
17:33:14.869 [main] DEBUG org.apache.hc.client5.http.wire -- http-outgoing-0 >> "Host: localhost:2375[\r][\n]"
17:33:14.869 [main] DEBUG org.apache.hc.client5.http.wire -- http-outgoing-0 >> "Connection: keep-alive[\r][\n]"
17:33:14.869 [main] DEBUG org.apache.hc.client5.http.wire -- http-outgoing-0 >> "User-Agent: Apache-HttpClient/5.2.1 (Java/17.0.6)[\r][\n]"
17:33:14.869 [main] DEBUG org.apache.hc.client5.http.wire -- http-outgoing-0 >> "[\r][\n]"
17:33:14.870 [main] DEBUG org.apache.hc.client5.http.wire -- http-outgoing-0 << "HTTP/1.1 200 OK[\r][\n]"
17:33:14.870 [main] DEBUG org.apache.hc.client5.http.wire -- http-outgoing-0 << "Api-Version: 1.44[\r][\n]"
17:33:14.870 [main] DEBUG org.apache.hc.client5.http.wire -- http-outgoing-0 << "Content-Type: application/json[\r][\n]"
17:33:14.871 [main] DEBUG org.apache.hc.client5.http.wire -- http-outgoing-0 << "Date: Wed, 13 Mar 2024 17:33:14 GMT[\r][\n]"
17:33:14.871 [main] DEBUG org.apache.hc.client5.http.wire -- http-outgoing-0 << "Docker-Experimental: false[\r][\n]"
17:33:14.871 [main] DEBUG org.apache.hc.client5.http.wire -- http-outgoing-0 << "Ostype: linux[\r][\n]"
17:33:14.871 [main] DEBUG org.apache.hc.client5.http.wire -- http-outgoing-0 << "Server: Docker/25.0.3 (linux)[\r][\n]"
17:33:14.871 [main] DEBUG org.apache.hc.client5.http.wire -- http-outgoing-0 << "Transfer-Encoding: chunked[\r][\n]"
17:33:14.871 [main] DEBUG org.apache.hc.client5.http.wire -- http-outgoing-0 << "[\r][\n]"
17:33:14.871 [main] DEBUG org.apache.hc.client5.http.headers -- http-outgoing-0 << HTTP/1.1 200 OK
17:33:14.871 [main] DEBUG org.apache.hc.client5.http.headers -- http-outgoing-0 << Api-Version: 1.44
17:33:14.871 [main] DEBUG org.apache.hc.client5.http.headers -- http-outgoing-0 << Content-Type: application/json
17:33:14.871 [main] DEBUG org.apache.hc.client5.http.headers -- http-outgoing-0 << Date: Wed, 13 Mar 2024 17:33:14 GMT
17:33:14.871 [main] DEBUG org.apache.hc.client5.http.headers -- http-outgoing-0 << Docker-Experimental: false
17:33:14.871 [main] DEBUG org.apache.hc.client5.http.headers -- http-outgoing-0 << Ostype: linux
17:33:14.871 [main] DEBUG org.apache.hc.client5.http.headers -- http-outgoing-0 << Server: Docker/25.0.3 (linux)
17:33:14.871 [main] DEBUG org.apache.hc.client5.http.headers -- http-outgoing-0 << Transfer-Encoding: chunked
17:33:14.871 [main] DEBUG org.apache.hc.client5.http.impl.classic.MainClientExec -- ex-0000000006 connection can be kept alive for 3 MINUTES
17:33:14.871 [main] DEBUG org.apache.hc.client5.http.wire -- http-outgoing-0 << "18cd[\r][\n]"
17:33:14.872 [main] DEBUG org.apache.hc.client5.http.wire -- http-outgoing-0 << "{"Id":"a031e60f9d69d1ce8c5da2cff1fb8f3f241a7eeecd4dfc983eed5d1b429419e0","Created":"2024-03-13T17:33:13.517873291Z","Path":"/entrypoint.sh","Args":[],"State":{"Status":"running","Running":true,"Paused":false,"Restarting":false,"OOMKilled":false,"Dead":false,"Pid":501,"ExitCode":0,"Error":"","StartedAt":"2024-03-13T17:33:13.700939875Z","FinishedAt":"0001-01-01T00:00:00Z"},"Image":"sha256:29a9da21cabe91a64c760931716be5b389b62a086e385e3e8918e33e0bf8f0bd","ResolvConfPath":"/var/lib/docker/containers/a031e60f9d69d1ce8c5da2cff1fb8f3f241a7eeecd4dfc983eed5d1b429419e0/resolv.conf","HostnamePath":"/var/lib/docker/containers/a031e60f9d69d1ce8c5da2cff1fb8f3f241a7eeecd4dfc983eed5d1b429419e0/hostname","HostsPath":"/var/lib/docker/containers/a031e60f9d69d1ce8c5da2cff1fb8f3f241a7eeecd4dfc983eed5d1b429419e0/hosts","LogPath":"/var/lib/docker/containers/a031e60f9d69d1ce8c5da2cff1fb8f3f241a7eeecd4dfc983eed5d1b429419e0/a031e60f9d69d1ce8c5da2cff1fb8f3f241a7eeecd4dfc983eed5d1b429419e0-json.log","Name":"/frosty_buck","RestartCount":0,"Driver":"overlay2","Platform":"linux","MountLabel":"","ProcessLabel":"","AppArmorProfile":"","ExecIDs":null,"HostConfig":{"Binds":[],"ContainerIDFile":"","LogConfig":{"Type":"json-file","Config":{}},"NetworkMode":"bridge","PortBindings":{"4444/tcp":[{"HostIp":"0.0.0.0","HostPort":"0"}]},"RestartPolicy":{"Name":"no","MaximumRetryCount":0},"AutoRemove":false,"VolumeDriver":"","VolumesFrom":null,"ConsoleSize":[0,0],"CapAdd":["SYS_ADMIN"],"CapDrop":null,"CgroupnsMode":"private","Dns":null,"DnsOptions":null,"DnsSearch":null,"ExtraHosts":[],"GroupAdd":null,"IpcMode":"private","Cgroup":"","Links":null,"OomScoreAdj":0,"PidMode":"","Privileged":false,"PublishAllPorts":true,"ReadonlyRootfs":false,"SecurityOpt":null,"UTSMode":"","UsernsMode":"","ShmSize":268435456,"Runtime":"runc","Isolation":"","CpuShares":0,"Memory":0,"NanoCpus":0,"CgroupParent":"","BlkioWeight":0,"BlkioWeightDevice":null,"BlkioDeviceReadBps":null,"BlkioDeviceWriteBps":null,"BlkioDeviceReadIOps":null,"BlkioDeviceWriteIOps":null,"CpuPeriod":0,"CpuQuota":0,"CpuRealtimePeriod":0,"CpuRealtimeRuntime":0,"CpusetCpus":"","CpusetMems":"","Devices":null,"DeviceCgroupRules":null,"DeviceRequests":null,"MemoryReservation":0,"MemorySwap":0,"MemorySwappiness":null,"OomKillDisable":null,"PidsLimit":null,"Ulimits":null,"CpuCount":0,"CpuPercent":0,"IOMaximumIOps":0,"IOMaximumBandwidth":0,"Mounts":[{"Type":"tmpfs","Target":"/tmp","TmpfsOptions":{"SizeBytes":134217728}}],"MaskedPaths":["/proc/asound","/proc/acpi","/proc/kcore","/proc/keys","/proc/latency_stats","/proc/timer_list","/proc/timer_stats","/proc/sched_debug","/proc/scsi","/sys/firmware","/sys/devices/virtual/powercap"],"ReadonlyPaths":["/proc/bus","/proc/fs","/proc/irq","/proc/sys","/proc/sysrq-trigger"]},"GraphDriver":{"Data":{"LowerDir":"/var/lib/docker/overlay2/0b5ba5c7b62663d9dc5a924468474ceac89bd5ca93cbfd767b3a9a016514baf7-init/diff:/var/lib/docker/overlay2/81125c8070cdc6c65b4ae2fdf73a83d542b2e14545f302dae2099bf5790de9b7/diff:/var/lib/docker/overlay2/e53dabef0079832bda267b576ce0557918ca5d75e0af157f80c64cfcdc9ced83/diff:/var/lib/docker/overlay2/7656a8e705e2ff44cc30c5a7af4d6393537bcac2fa0e919ca295ab54623fff21/diff:/var/lib/docker/overlay2/5bee710b8669a79261e66123edfaa4e50d2047f8851f74e4514c1ee0846b23e0/diff:/var/lib/docker/overlay2/e85a4abc06af81171c4dfa492407fa58976432f72a221a90783995e1f4d84e17/diff:/var/lib/docker/overlay2/ab4a8b7df978d330d2c6c865734b9acf18b2661eed2e108c39a777a4df3701f3/diff:/var/lib/docker/overlay2/93d93d45d113c3a9043c62c5834606ef4576f174b6ed8bd9ff7e109298081911/diff:/var/lib/docker/overlay2/e9431f42796bd35bfd67bd7bb8c9df1bc2802d0841a7d570f1bbfb56ca453f12/diff:/var/lib/docker/overlay2/ee73111defd804fbfbb8a48987d79c641f7b2693b041e4e9b8b2e79a3f2fe83b/diff:/var/lib/docker/overlay2/e3d385fa4102d0ca28de7bae9059d902f9f971a3db8cd6a8ff12d5bde8dd6f22/diff:/var/lib/docker/overlay2/f172a0b085d8b2f7cf220561e043f7714b79edd3c7fd0e1a8b22fe682113c918/diff:/var/lib/docker/overlay2/86321cde95c242d6f3a091789a514d043056001422c21d71996b9922a0b3fc6a/diff:/var/lib/docker/overlay2/5f1ecdc0a138c40fa2d42fb0a0da2d597ec6684133a0a1639b0f95f63e0aae3a/diff","MergedDir":"/var/lib/docker/overlay2/0b5ba5c7b62663d9dc5a924468474ceac89bd5ca93cbfd767b3a9a016514baf7/merged","UpperDir":"/var/lib/docker/overlay2/0b5ba5c7b62663d9dc5a924468474ceac89bd5ca93cbfd767b3a9a016514baf7/diff","WorkDir":"/var/lib/docker/overlay2/0b5ba5c7b62663d9dc5a924468474ceac89bd5ca93cbfd767b3a9a016514baf7/work"},"Name":"overlay2"},"Mounts":[{"Type":"tmpfs","Source":"","Destination":"/tmp","Mode":"","RW":true,"Propagation":""}],"Config":{"Hostname":"a031e60f9d69","Domainname":"","User":"selenium","AttachStdin":false,"AttachStdout":false,"AttachStderr":false,"ExposedPorts":{"4444/tcp":{}},"Tty":false,"OpenStdin":false,"StdinOnce":false,"Env":["TZ=Etc/UTC","LANGUAGE=EN","SCREEN_RESOLUTION=1280x1080x24","DRIVER_ARGS=--whitelisted-ips= --allowed-origins=*","PATH=/usr/local/sbin:/usr/local/bin:/usr/sbin:/usr/bin:/sbin:/bin","DBUS_SESSION_BUS_ADDRESS=/dev/null"],"Cmd":null,"Image":"selenoid/vnc:chrome_122.0","Volumes":null,"WorkingDir":"","Entrypoint":["/entrypoint.sh"],"OnBuild":null,"Labels":{"browser":"google-chrome-stable:122.0.6261.94-1","driver":"chromedriver:122.0.6261.94","org.opencontainers.image.ref.name":"ubuntu","org.opencontainers.image.version":"22.04"}},"NetworkSettings":{"Bridge":"","SandboxID":"e2e3734a4194487b3436c782a2a3053ef08ff0387fca43a8e81f96550e80d94b","SandboxKey":"/var/run/docker/netns/e2e3734a4194","Ports":{"4444/tcp":[{"HostIp":"0.0.0.0","HostPort":"51416"}]},"HairpinMode":false,"LinkLocalIPv6Address":"","LinkLocalIPv6PrefixLen":0,"SecondaryIPAddresses":null,"SecondaryIPv6Addresses":null,"EndpointID":"0f4ec5c6d010212c361db273af12b9a9445fc5816b5427d65a2cce3bb4adcf66","Gateway":"172.17.0.1","GlobalIPv6Address":"","GlobalIPv6PrefixLen":0,"IPAddress":"172.17.0.2","IPPrefixLen":16,"IPv6Gateway":"","MacAddress":"02:42:ac:11:00:02","Networks":{"bridge":{"IPAMConfig":null,"Links":null,"Aliases":null,"MacAddress":"02:42:ac:11:00:02","NetworkID":"b08c31cf0e7062331bf86fbaef1442bacc222806dd0885503d03dd1ffdcd2d5a","EndpointID":"0f4ec5c6d010212c361db273af12b9a9445fc5816b5427d65a2cce3bb4adcf66","Gateway":"172.17.0.1","IPAddress":"172.17.0.2","IPPrefixLen":16,"IPv6Gateway":"","GlobalIPv6Address":"","GlobalIPv6PrefixLen":0,"DriverOpts":null,"DNSNames":null}}}}[\n]"
17:33:14.872 [main] DEBUG org.apache.hc.client5.http.wire -- http-outgoing-0 << "[\r][\n]"
17:33:14.872 [main] DEBUG org.apache.hc.client5.http.wire -- http-outgoing-0 << "0[\r][\n]"
17:33:14.872 [main] DEBUG org.apache.hc.client5.http.wire -- http-outgoing-0 << "[\r][\n]"
17:33:14.875 [main] DEBUG org.apache.hc.client5.http.impl.classic.InternalHttpClient -- ep-0000000006 releasing valid endpoint
17:33:14.875 [main] DEBUG org.apache.hc.client5.http.impl.io.PoolingHttpClientConnectionManager -- ep-0000000006 releasing endpoint
17:33:14.876 [main] DEBUG org.apache.hc.client5.http.impl.io.PoolingHttpClientConnectionManager -- ep-0000000006 connection http-outgoing-0 can be kept alive for 3 MINUTES
17:33:14.876 [main] DEBUG org.apache.hc.client5.http.impl.io.PoolingHttpClientConnectionManager -- ep-0000000006 connection released [route: {}->unix://localhost:2375][total available: 1; route allocated: 1 of 2147483647; total allocated: 1 of 2147483647]
17:33:14.876 [main] DEBUG com.github.dockerjava.core.command.AbstrDockerCmd -- Cmd: a031e60f9d69d1ce8c5da2cff1fb8f3f241a7eeecd4dfc983eed5d1b429419e0,false
17:33:14.876 [main] DEBUG com.github.dockerjava.core.exec.InspectContainerCmdExec -- GET: DefaultWebTarget{path=[/containers/a031e60f9d69d1ce8c5da2cff1fb8f3f241a7eeecd4dfc983eed5d1b429419e0/json], queryParams={}}
17:33:14.876 [main] DEBUG org.apache.hc.client5.http.impl.classic.InternalHttpClient -- ex-0000000007 preparing request execution
17:33:14.877 [main] DEBUG org.apache.hc.client5.http.impl.classic.ProtocolExec -- ex-0000000007 target auth state: UNCHALLENGED
17:33:14.877 [main] DEBUG org.apache.hc.client5.http.impl.classic.ProtocolExec -- ex-0000000007 proxy auth state: UNCHALLENGED
17:33:14.877 [main] DEBUG org.apache.hc.client5.http.impl.classic.ConnectExec -- ex-0000000007 acquiring connection with route {}->unix://localhost:2375
17:33:14.877 [main] DEBUG org.apache.hc.client5.http.impl.classic.InternalHttpClient -- ex-0000000007 acquiring endpoint (3 MINUTES)
17:33:14.877 [main] DEBUG org.apache.hc.client5.http.impl.io.PoolingHttpClientConnectionManager -- ex-0000000007 endpoint lease request (3 MINUTES) [route: {}->unix://localhost:2375][total available: 1; route allocated: 1 of 2147483647; total allocated: 1 of 2147483647]
17:33:14.877 [main] DEBUG org.apache.hc.client5.http.impl.io.PoolingHttpClientConnectionManager -- ex-0000000007 endpoint leased [route: {}->unix://localhost:2375][total available: 0; route allocated: 1 of 2147483647; total allocated: 1 of 2147483647]
17:33:14.877 [main] DEBUG org.apache.hc.client5.http.impl.io.PoolingHttpClientConnectionManager -- ex-0000000007 acquired ep-0000000007
17:33:14.877 [main] DEBUG org.apache.hc.client5.http.impl.classic.InternalHttpClient -- ex-0000000007 acquired endpoint ep-0000000007
17:33:14.877 [main] DEBUG org.apache.hc.client5.http.impl.classic.MainClientExec -- ex-0000000007 executing GET /containers/a031e60f9d69d1ce8c5da2cff1fb8f3f241a7eeecd4dfc983eed5d1b429419e0/json HTTP/1.1
17:33:14.877 [main] DEBUG org.apache.hc.client5.http.protocol.RequestAddCookies -- ex-0000000007 Cookie spec selected: strict
17:33:14.877 [main] DEBUG org.apache.hc.client5.http.impl.classic.InternalHttpClient -- ep-0000000007 start execution ex-0000000007
17:33:14.877 [main] DEBUG org.apache.hc.client5.http.impl.io.PoolingHttpClientConnectionManager -- ep-0000000007 executing exchange ex-0000000007 over http-outgoing-0
17:33:14.877 [main] DEBUG org.apache.hc.client5.http.headers -- http-outgoing-0 >> GET /containers/a031e60f9d69d1ce8c5da2cff1fb8f3f241a7eeecd4dfc983eed5d1b429419e0/json HTTP/1.1
17:33:14.877 [main] DEBUG org.apache.hc.client5.http.headers -- http-outgoing-0 >> accept: application/json
17:33:14.877 [main] DEBUG org.apache.hc.client5.http.headers -- http-outgoing-0 >> Accept-Encoding: gzip, x-gzip, deflate, br
17:33:14.877 [main] DEBUG org.apache.hc.client5.http.headers -- http-outgoing-0 >> Host: localhost:2375
17:33:14.878 [main] DEBUG org.apache.hc.client5.http.headers -- http-outgoing-0 >> Connection: keep-alive
17:33:14.878 [main] DEBUG org.apache.hc.client5.http.headers -- http-outgoing-0 >> User-Agent: Apache-HttpClient/5.2.1 (Java/17.0.6)
17:33:14.878 [main] DEBUG org.apache.hc.client5.http.wire -- http-outgoing-0 >> "GET /containers/a031e60f9d69d1ce8c5da2cff1fb8f3f241a7eeecd4dfc983eed5d1b429419e0/json HTTP/1.1[\r][\n]"
17:33:14.878 [main] DEBUG org.apache.hc.client5.http.wire -- http-outgoing-0 >> "accept: application/json[\r][\n]"
17:33:14.878 [main] DEBUG org.apache.hc.client5.http.wire -- http-outgoing-0 >> "Accept-Encoding: gzip, x-gzip, deflate, br[\r][\n]"
17:33:14.878 [main] DEBUG org.apache.hc.client5.http.wire -- http-outgoing-0 >> "Host: localhost:2375[\r][\n]"
17:33:14.878 [main] DEBUG org.apache.hc.client5.http.wire -- http-outgoing-0 >> "Connection: keep-alive[\r][\n]"
17:33:14.878 [main] DEBUG org.apache.hc.client5.http.wire -- http-outgoing-0 >> "User-Agent: Apache-HttpClient/5.2.1 (Java/17.0.6)[\r][\n]"
17:33:14.878 [main] DEBUG org.apache.hc.client5.http.wire -- http-outgoing-0 >> "[\r][\n]"
17:33:14.879 [main] DEBUG org.apache.hc.client5.http.wire -- http-outgoing-0 << "HTTP/1.1 200 OK[\r][\n]"
17:33:14.879 [main] DEBUG org.apache.hc.client5.http.wire -- http-outgoing-0 << "Api-Version: 1.44[\r][\n]"
17:33:14.879 [main] DEBUG org.apache.hc.client5.http.wire -- http-outgoing-0 << "Content-Type: application/json[\r][\n]"
17:33:14.879 [main] DEBUG org.apache.hc.client5.http.wire -- http-outgoing-0 << "Date: Wed, 13 Mar 2024 17:33:14 GMT[\r][\n]"
17:33:14.879 [main] DEBUG org.apache.hc.client5.http.wire -- http-outgoing-0 << "Docker-Experimental: false[\r][\n]"
17:33:14.879 [main] DEBUG org.apache.hc.client5.http.wire -- http-outgoing-0 << "Ostype: linux[\r][\n]"
17:33:14.879 [main] DEBUG org.apache.hc.client5.http.wire -- http-outgoing-0 << "Server: Docker/25.0.3 (linux)[\r][\n]"
17:33:14.879 [main] DEBUG org.apache.hc.client5.http.wire -- http-outgoing-0 << "Transfer-Encoding: chunked[\r][\n]"
17:33:14.879 [main] DEBUG org.apache.hc.client5.http.wire -- http-outgoing-0 << "[\r][\n]"
17:33:14.879 [main] DEBUG org.apache.hc.client5.http.headers -- http-outgoing-0 << HTTP/1.1 200 OK
17:33:14.879 [main] DEBUG org.apache.hc.client5.http.headers -- http-outgoing-0 << Api-Version: 1.44
17:33:14.879 [main] DEBUG org.apache.hc.client5.http.headers -- http-outgoing-0 << Content-Type: application/json
17:33:14.879 [main] DEBUG org.apache.hc.client5.http.headers -- http-outgoing-0 << Date: Wed, 13 Mar 2024 17:33:14 GMT
17:33:14.879 [main] DEBUG org.apache.hc.client5.http.headers -- http-outgoing-0 << Docker-Experimental: false
17:33:14.879 [main] DEBUG org.apache.hc.client5.http.headers -- http-outgoing-0 << Ostype: linux
17:33:14.879 [main] DEBUG org.apache.hc.client5.http.headers -- http-outgoing-0 << Server: Docker/25.0.3 (linux)
17:33:14.879 [main] DEBUG org.apache.hc.client5.http.headers -- http-outgoing-0 << Transfer-Encoding: chunked
17:33:14.879 [main] DEBUG org.apache.hc.client5.http.impl.classic.MainClientExec -- ex-0000000007 connection can be kept alive for 3 MINUTES
17:33:14.879 [main] DEBUG org.apache.hc.client5.http.wire -- http-outgoing-0 << "18cd[\r][\n]"
17:33:14.880 [main] DEBUG org.apache.hc.client5.http.wire -- http-outgoing-0 << "{"Id":"a031e60f9d69d1ce8c5da2cff1fb8f3f241a7eeecd4dfc983eed5d1b429419e0","Created":"2024-03-13T17:33:13.517873291Z","Path":"/entrypoint.sh","Args":[],"State":{"Status":"running","Running":true,"Paused":false,"Restarting":false,"OOMKilled":false,"Dead":false,"Pid":501,"ExitCode":0,"Error":"","StartedAt":"2024-03-13T17:33:13.700939875Z","FinishedAt":"0001-01-01T00:00:00Z"},"Image":"sha256:29a9da21cabe91a64c760931716be5b389b62a086e385e3e8918e33e0bf8f0bd","ResolvConfPath":"/var/lib/docker/containers/a031e60f9d69d1ce8c5da2cff1fb8f3f241a7eeecd4dfc983eed5d1b429419e0/resolv.conf","HostnamePath":"/var/lib/docker/containers/a031e60f9d69d1ce8c5da2cff1fb8f3f241a7eeecd4dfc983eed5d1b429419e0/hostname","HostsPath":"/var/lib/docker/containers/a031e60f9d69d1ce8c5da2cff1fb8f3f241a7eeecd4dfc983eed5d1b429419e0/hosts","LogPath":"/var/lib/docker/containers/a031e60f9d69d1ce8c5da2cff1fb8f3f241a7eeecd4dfc983eed5d1b429419e0/a031e60f9d69d1ce8c5da2cff1fb8f3f241a7eeecd4dfc983eed5d1b429419e0-json.log","Name":"/frosty_buck","RestartCount":0,"Driver":"overlay2","Platform":"linux","MountLabel":"","ProcessLabel":"","AppArmorProfile":"","ExecIDs":null,"HostConfig":{"Binds":[],"ContainerIDFile":"","LogConfig":{"Type":"json-file","Config":{}},"NetworkMode":"bridge","PortBindings":{"4444/tcp":[{"HostIp":"0.0.0.0","HostPort":"0"}]},"RestartPolicy":{"Name":"no","MaximumRetryCount":0},"AutoRemove":false,"VolumeDriver":"","VolumesFrom":null,"ConsoleSize":[0,0],"CapAdd":["SYS_ADMIN"],"CapDrop":null,"CgroupnsMode":"private","Dns":null,"DnsOptions":null,"DnsSearch":null,"ExtraHosts":[],"GroupAdd":null,"IpcMode":"private","Cgroup":"","Links":null,"OomScoreAdj":0,"PidMode":"","Privileged":false,"PublishAllPorts":true,"ReadonlyRootfs":false,"SecurityOpt":null,"UTSMode":"","UsernsMode":"","ShmSize":268435456,"Runtime":"runc","Isolation":"","CpuShares":0,"Memory":0,"NanoCpus":0,"CgroupParent":"","BlkioWeight":0,"BlkioWeightDevice":null,"BlkioDeviceReadBps":null,"BlkioDeviceWriteBps":null,"BlkioDeviceReadIOps":null,"BlkioDeviceWriteIOps":null,"CpuPeriod":0,"CpuQuota":0,"CpuRealtimePeriod":0,"CpuRealtimeRuntime":0,"CpusetCpus":"","CpusetMems":"","Devices":null,"DeviceCgroupRules":null,"DeviceRequests":null,"MemoryReservation":0,"MemorySwap":0,"MemorySwappiness":null,"OomKillDisable":null,"PidsLimit":null,"Ulimits":null,"CpuCount":0,"CpuPercent":0,"IOMaximumIOps":0,"IOMaximumBandwidth":0,"Mounts":[{"Type":"tmpfs","Target":"/tmp","TmpfsOptions":{"SizeBytes":134217728}}],"MaskedPaths":["/proc/asound","/proc/acpi","/proc/kcore","/proc/keys","/proc/latency_stats","/proc/timer_list","/proc/timer_stats","/proc/sched_debug","/proc/scsi","/sys/firmware","/sys/devices/virtual/powercap"],"ReadonlyPaths":["/proc/bus","/proc/fs","/proc/irq","/proc/sys","/proc/sysrq-trigger"]},"GraphDriver":{"Data":{"LowerDir":"/var/lib/docker/overlay2/0b5ba5c7b62663d9dc5a924468474ceac89bd5ca93cbfd767b3a9a016514baf7-init/diff:/var/lib/docker/overlay2/81125c8070cdc6c65b4ae2fdf73a83d542b2e14545f302dae2099bf5790de9b7/diff:/var/lib/docker/overlay2/e53dabef0079832bda267b576ce0557918ca5d75e0af157f80c64cfcdc9ced83/diff:/var/lib/docker/overlay2/7656a8e705e2ff44cc30c5a7af4d6393537bcac2fa0e919ca295ab54623fff21/diff:/var/lib/docker/overlay2/5bee710b8669a79261e66123edfaa4e50d2047f8851f74e4514c1ee0846b23e0/diff:/var/lib/docker/overlay2/e85a4abc06af81171c4dfa492407fa58976432f72a221a90783995e1f4d84e17/diff:/var/lib/docker/overlay2/ab4a8b7df978d330d2c6c865734b9acf18b2661eed2e108c39a777a4df3701f3/diff:/var/lib/docker/overlay2/93d93d45d113c3a9043c62c5834606ef4576f174b6ed8bd9ff7e109298081911/diff:/var/lib/docker/overlay2/e9431f42796bd35bfd67bd7bb8c9df1bc2802d0841a7d570f1bbfb56ca453f12/diff:/var/lib/docker/overlay2/ee73111defd804fbfbb8a48987d79c641f7b2693b041e4e9b8b2e79a3f2fe83b/diff:/var/lib/docker/overlay2/e3d385fa4102d0ca28de7bae9059d902f9f971a3db8cd6a8ff12d5bde8dd6f22/diff:/var/lib/docker/overlay2/f172a0b085d8b2f7cf220561e043f7714b79edd3c7fd0e1a8b22fe682113c918/diff:/var/lib/docker/overlay2/86321cde95c242d6f3a091789a514d043056001422c21d71996b9922a0b3fc6a/diff:/var/lib/docker/overlay2/5f1ecdc0a138c40fa2d42fb0a0da2d597ec6684133a0a1639b0f95f63e0aae3a/diff","MergedDir":"/var/lib/docker/overlay2/0b5ba5c7b62663d9dc5a924468474ceac89bd5ca93cbfd767b3a9a016514baf7/merged","UpperDir":"/var/lib/docker/overlay2/0b5ba5c7b62663d9dc5a924468474ceac89bd5ca93cbfd767b3a9a016514baf7/diff","WorkDir":"/var/lib/docker/overlay2/0b5ba5c7b62663d9dc5a924468474ceac89bd5ca93cbfd767b3a9a016514baf7/work"},"Name":"overlay2"},"Mounts":[{"Type":"tmpfs","Source":"","Destination":"/tmp","Mode":"","RW":true,"Propagation":""}],"Config":{"Hostname":"a031e60f9d69","Domainname":"","User":"selenium","AttachStdin":false,"AttachStdout":false,"AttachStderr":false,"ExposedPorts":{"4444/tcp":{}},"Tty":false,"OpenStdin":false,"StdinOnce":false,"Env":["TZ=Etc/UTC","LANGUAGE=EN","SCREEN_RESOLUTION=1280x1080x24","DRIVER_ARGS=--whitelisted-ips= --allowed-origins=*","PATH=/usr/local/sbin:/usr/local/bin:/usr/sbin:/usr/bin:/sbin:/bin","DBUS_SESSION_BUS_ADDRESS=/dev/null"],"Cmd":null,"Image":"selenoid/vnc:chrome_122.0","Volumes":null,"WorkingDir":"","Entrypoint":["/entrypoint.sh"],"OnBuild":null,"Labels":{"browser":"google-chrome-stable:122.0.6261.94-1","driver":"chromedriver:122.0.6261.94","org.opencontainers.image.ref.name":"ubuntu","org.opencontainers.image.version":"22.04"}},"NetworkSettings":{"Bridge":"","SandboxID":"e2e3734a4194487b3436c782a2a3053ef08ff0387fca43a8e81f96550e80d94b","SandboxKey":"/var/run/docker/netns/e2e3734a4194","Ports":{"4444/tcp":[{"HostIp":"0.0.0.0","HostPort":"51416"}]},"HairpinMode":false,"LinkLocalIPv6Address":"","LinkLocalIPv6PrefixLen":0,"SecondaryIPAddresses":null,"SecondaryIPv6Addresses":null,"EndpointID":"0f4ec5c6d010212c361db273af12b9a9445fc5816b5427d65a2cce3bb4adcf66","Gateway":"172.17.0.1","GlobalIPv6Address":"","GlobalIPv6PrefixLen":0,"IPAddress":"172.17.0.2","IPPrefixLen":16,"IPv6Gateway":"","MacAddress":"02:42:ac:11:00:02","Networks":{"bridge":{"IPAMConfig":null,"Links":null,"Aliases":null,"MacAddress":"02:42:ac:11:00:02","NetworkID":"b08c31cf0e7062331bf86fbaef1442bacc222806dd0885503d03dd1ffdcd2d5a","EndpointID":"0f4ec5c6d010212c361db273af12b9a9445fc5816b5427d65a2cce3bb4adcf66","Gateway":"172.17.0.1","IPAddress":"172.17.0.2","IPPrefixLen":16,"IPv6Gateway":"","GlobalIPv6Address":"","GlobalIPv6PrefixLen":0,"DriverOpts":null,"DNSNames":null}}}}[\n]"
17:33:14.880 [main] DEBUG org.apache.hc.client5.http.wire -- http-outgoing-0 << "[\r][\n]"
17:33:14.880 [main] DEBUG org.apache.hc.client5.http.wire -- http-outgoing-0 << "0[\r][\n]"
17:33:14.880 [main] DEBUG org.apache.hc.client5.http.wire -- http-outgoing-0 << "[\r][\n]"
17:33:14.881 [main] DEBUG org.apache.hc.client5.http.impl.classic.InternalHttpClient -- ep-0000000007 releasing valid endpoint
17:33:14.881 [main] DEBUG org.apache.hc.client5.http.impl.io.PoolingHttpClientConnectionManager -- ep-0000000007 releasing endpoint
17:33:14.882 [main] DEBUG org.apache.hc.client5.http.impl.io.PoolingHttpClientConnectionManager -- ep-0000000007 connection http-outgoing-0 can be kept alive for 3 MINUTES
17:33:14.882 [main] DEBUG org.apache.hc.client5.http.impl.io.PoolingHttpClientConnectionManager -- ep-0000000007 connection released [route: {}->unix://localhost:2375][total available: 1; route allocated: 1 of 2147483647; total allocated: 1 of 2147483647]
17:33:14.884 [main] DEBUG io.github.bonigarcia.wdm.webdriver.WebDriverCreator -- Creating WebDriver object for chrome at http://localhost:51416/ with Capabilities {browserName: chrome, goog:chromeOptions: {args: [--no-sandbox], extensions: []}}
17:33:18.586 [main] DEBUG io.github.bonigarcia.wdm.webdriver.WebDriverCreator -- The sessionId is d48da3154fd87f55ab52801b77eef845
17:33:20.459 [main] DEBUG io.github.bonigarcia.wdm.WebDriverManager -- Quitting RemoteWebDriver: chrome on linux (d48da3154fd87f55ab52801b77eef845)
17:33:20.473 [main] INFO io.github.bonigarcia.wdm.docker.DockerService -- Stopping Docker container selenoid/vnc:chrome_122.0
17:33:20.474 [main] DEBUG com.github.dockerjava.core.command.AbstrDockerCmd -- Cmd: a031e60f9d69d1ce8c5da2cff1fb8f3f241a7eeecd4dfc983eed5d1b429419e0,5
17:33:20.479 [main] DEBUG org.apache.hc.client5.http.impl.classic.InternalHttpClient -- ex-0000000008 preparing request execution
17:33:20.480 [main] DEBUG org.apache.hc.client5.http.impl.classic.ProtocolExec -- ex-0000000008 target auth state: UNCHALLENGED
17:33:20.480 [main] DEBUG org.apache.hc.client5.http.impl.classic.ProtocolExec -- ex-0000000008 proxy auth state: UNCHALLENGED
17:33:20.480 [main] DEBUG org.apache.hc.client5.http.impl.classic.ConnectExec -- ex-0000000008 acquiring connection with route {}->unix://localhost:2375
17:33:20.480 [main] DEBUG org.apache.hc.client5.http.impl.classic.InternalHttpClient -- ex-0000000008 acquiring endpoint (3 MINUTES)
17:33:20.480 [main] DEBUG org.apache.hc.client5.http.impl.io.PoolingHttpClientConnectionManager -- ex-0000000008 endpoint lease request (3 MINUTES) [route: {}->unix://localhost:2375][total available: 1; route allocated: 1 of 2147483647; total allocated: 1 of 2147483647]
17:33:20.480 [main] DEBUG org.apache.hc.client5.http.impl.io.PoolingHttpClientConnectionManager -- ex-0000000008 endpoint leased [route: {}->unix://localhost:2375][total available: 0; route allocated: 1 of 2147483647; total allocated: 1 of 2147483647]
17:33:20.480 [main] DEBUG org.apache.hc.client5.http.impl.io.PoolingHttpClientConnectionManager -- ex-0000000008 acquired ep-0000000008
17:33:20.480 [main] DEBUG org.apache.hc.client5.http.impl.classic.InternalHttpClient -- ex-0000000008 acquired endpoint ep-0000000008
17:33:20.480 [main] DEBUG org.apache.hc.client5.http.impl.classic.MainClientExec -- ex-0000000008 executing POST /containers/a031e60f9d69d1ce8c5da2cff1fb8f3f241a7eeecd4dfc983eed5d1b429419e0/stop?t=5 HTTP/1.1
17:33:20.480 [main] DEBUG org.apache.hc.client5.http.protocol.RequestAddCookies -- ex-0000000008 Cookie spec selected: strict
17:33:20.480 [main] DEBUG org.apache.hc.client5.http.impl.classic.InternalHttpClient -- ep-0000000008 start execution ex-0000000008
17:33:20.480 [main] DEBUG org.apache.hc.client5.http.impl.io.PoolingHttpClientConnectionManager -- ep-0000000008 executing exchange ex-0000000008 over http-outgoing-0
17:33:20.480 [main] DEBUG org.apache.hc.client5.http.headers -- http-outgoing-0 >> POST /containers/a031e60f9d69d1ce8c5da2cff1fb8f3f241a7eeecd4dfc983eed5d1b429419e0/stop?t=5 HTTP/1.1
17:33:20.480 [main] DEBUG org.apache.hc.client5.http.headers -- http-outgoing-0 >> accept: application/json
17:33:20.480 [main] DEBUG org.apache.hc.client5.http.headers -- http-outgoing-0 >> content-type: application/json
17:33:20.480 [main] DEBUG org.apache.hc.client5.http.headers -- http-outgoing-0 >> Accept-Encoding: gzip, x-gzip, deflate, br
17:33:20.480 [main] DEBUG org.apache.hc.client5.http.headers -- http-outgoing-0 >> Host: localhost:2375
17:33:20.480 [main] DEBUG org.apache.hc.client5.http.headers -- http-outgoing-0 >> Connection: keep-alive
17:33:20.480 [main] DEBUG org.apache.hc.client5.http.headers -- http-outgoing-0 >> User-Agent: Apache-HttpClient/5.2.1 (Java/17.0.6)
17:33:20.480 [main] DEBUG org.apache.hc.client5.http.wire -- http-outgoing-0 >> "POST /containers/a031e60f9d69d1ce8c5da2cff1fb8f3f241a7eeecd4dfc983eed5d1b429419e0/stop?t=5 HTTP/1.1[\r][\n]"
17:33:20.480 [main] DEBUG org.apache.hc.client5.http.wire -- http-outgoing-0 >> "accept: application/json[\r][\n]"
17:33:20.480 [main] DEBUG org.apache.hc.client5.http.wire -- http-outgoing-0 >> "content-type: application/json[\r][\n]"
17:33:20.480 [main] DEBUG org.apache.hc.client5.http.wire -- http-outgoing-0 >> "Accept-Encoding: gzip, x-gzip, deflate, br[\r][\n]"
17:33:20.480 [main] DEBUG org.apache.hc.client5.http.wire -- http-outgoing-0 >> "Host: localhost:2375[\r][\n]"
17:33:20.480 [main] DEBUG org.apache.hc.client5.http.wire -- http-outgoing-0 >> "Connection: keep-alive[\r][\n]"
17:33:20.480 [main] DEBUG org.apache.hc.client5.http.wire -- http-outgoing-0 >> "User-Agent: Apache-HttpClient/5.2.1 (Java/17.0.6)[\r][\n]"
17:33:20.480 [main] DEBUG org.apache.hc.client5.http.wire -- http-outgoing-0 >> "[\r][\n]"
17:33:20.579 [main] DEBUG org.apache.hc.client5.http.wire -- http-outgoing-0 << "HTTP/1.1 204 No Content[\r][\n]"
17:33:20.579 [main] DEBUG org.apache.hc.client5.http.wire -- http-outgoing-0 << "Api-Version: 1.44[\r][\n]"
17:33:20.579 [main] DEBUG org.apache.hc.client5.http.wire -- http-outgoing-0 << "Date: Wed, 13 Mar 2024 17:33:20 GMT[\r][\n]"
17:33:20.579 [main] DEBUG org.apache.hc.client5.http.wire -- http-outgoing-0 << "Docker-Experimental: false[\r][\n]"
17:33:20.579 [main] DEBUG org.apache.hc.client5.http.wire -- http-outgoing-0 << "Ostype: linux[\r][\n]"
17:33:20.579 [main] DEBUG org.apache.hc.client5.http.wire -- http-outgoing-0 << "Server: Docker/25.0.3 (linux)[\r][\n]"
17:33:20.579 [main] DEBUG org.apache.hc.client5.http.wire -- http-outgoing-0 << "[\r][\n]"
17:33:20.579 [main] DEBUG org.apache.hc.client5.http.headers -- http-outgoing-0 << HTTP/1.1 204 No Content
17:33:20.579 [main] DEBUG org.apache.hc.client5.http.headers -- http-outgoing-0 << Api-Version: 1.44
17:33:20.579 [main] DEBUG org.apache.hc.client5.http.headers -- http-outgoing-0 << Date: Wed, 13 Mar 2024 17:33:20 GMT
17:33:20.580 [main] DEBUG org.apache.hc.client5.http.headers -- http-outgoing-0 << Docker-Experimental: false
17:33:20.580 [main] DEBUG org.apache.hc.client5.http.headers -- http-outgoing-0 << Ostype: linux
17:33:20.580 [main] DEBUG org.apache.hc.client5.http.headers -- http-outgoing-0 << Server: Docker/25.0.3 (linux)
17:33:20.580 [main] DEBUG org.apache.hc.client5.http.impl.classic.MainClientExec -- ex-0000000008 connection can be kept alive for 3 MINUTES
17:33:20.580 [main] DEBUG org.apache.hc.client5.http.impl.classic.InternalHttpClient -- ep-0000000008 releasing valid endpoint
17:33:20.580 [main] DEBUG org.apache.hc.client5.http.impl.io.PoolingHttpClientConnectionManager -- ep-0000000008 releasing endpoint
17:33:20.580 [main] DEBUG org.apache.hc.client5.http.impl.io.PoolingHttpClientConnectionManager -- ep-0000000008 connection http-outgoing-0 can be kept alive for 3 MINUTES
17:33:20.580 [main] DEBUG org.apache.hc.client5.http.impl.io.PoolingHttpClientConnectionManager -- ep-0000000008 connection released [route: {}->unix://localhost:2375][total available: 1; route allocated: 1 of 2147483647; total allocated: 1 of 2147483647]
17:33:20.581 [main] DEBUG com.github.dockerjava.core.command.AbstrDockerCmd -- Cmd: a031e60f9d69d1ce8c5da2cff1fb8f3f241a7eeecd4dfc983eed5d1b429419e0,<null>,<null>
17:33:20.581 [main] DEBUG org.apache.hc.client5.http.impl.classic.InternalHttpClient -- ex-0000000009 preparing request execution
17:33:20.581 [main] DEBUG org.apache.hc.client5.http.impl.classic.ProtocolExec -- ex-0000000009 target auth state: UNCHALLENGED
17:33:20.581 [main] DEBUG org.apache.hc.client5.http.impl.classic.ProtocolExec -- ex-0000000009 proxy auth state: UNCHALLENGED
17:33:20.582 [main] DEBUG org.apache.hc.client5.http.impl.classic.ConnectExec -- ex-0000000009 acquiring connection with route {}->unix://localhost:2375
17:33:20.582 [main] DEBUG org.apache.hc.client5.http.impl.classic.InternalHttpClient -- ex-0000000009 acquiring endpoint (3 MINUTES)
17:33:20.582 [main] DEBUG org.apache.hc.client5.http.impl.io.PoolingHttpClientConnectionManager -- ex-0000000009 endpoint lease request (3 MINUTES) [route: {}->unix://localhost:2375][total available: 1; route allocated: 1 of 2147483647; total allocated: 1 of 2147483647]
17:33:20.582 [main] DEBUG org.apache.hc.client5.http.impl.io.PoolingHttpClientConnectionManager -- ex-0000000009 endpoint leased [route: {}->unix://localhost:2375][total available: 0; route allocated: 1 of 2147483647; total allocated: 1 of 2147483647]
17:33:20.582 [main] DEBUG org.apache.hc.client5.http.impl.io.PoolingHttpClientConnectionManager -- ex-0000000009 acquired ep-0000000009
17:33:20.582 [main] DEBUG org.apache.hc.client5.http.impl.classic.InternalHttpClient -- ex-0000000009 acquired endpoint ep-0000000009
17:33:20.582 [main] DEBUG org.apache.hc.client5.http.impl.classic.MainClientExec -- ex-0000000009 executing DELETE /containers/a031e60f9d69d1ce8c5da2cff1fb8f3f241a7eeecd4dfc983eed5d1b429419e0 HTTP/1.1
17:33:20.582 [main] DEBUG org.apache.hc.client5.http.protocol.RequestAddCookies -- ex-0000000009 Cookie spec selected: strict
17:33:20.582 [main] DEBUG org.apache.hc.client5.http.impl.classic.InternalHttpClient -- ep-0000000009 start execution ex-0000000009
17:33:20.582 [main] DEBUG org.apache.hc.client5.http.impl.io.PoolingHttpClientConnectionManager -- ep-0000000009 executing exchange ex-0000000009 over http-outgoing-0
17:33:20.582 [main] DEBUG org.apache.hc.client5.http.headers -- http-outgoing-0 >> DELETE /containers/a031e60f9d69d1ce8c5da2cff1fb8f3f241a7eeecd4dfc983eed5d1b429419e0 HTTP/1.1
17:33:20.582 [main] DEBUG org.apache.hc.client5.http.headers -- http-outgoing-0 >> accept: application/json
17:33:20.582 [main] DEBUG org.apache.hc.client5.http.headers -- http-outgoing-0 >> Accept-Encoding: gzip, x-gzip, deflate, br
17:33:20.582 [main] DEBUG org.apache.hc.client5.http.headers -- http-outgoing-0 >> Host: localhost:2375
17:33:20.582 [main] DEBUG org.apache.hc.client5.http.headers -- http-outgoing-0 >> Connection: keep-alive
17:33:20.582 [main] DEBUG org.apache.hc.client5.http.headers -- http-outgoing-0 >> User-Agent: Apache-HttpClient/5.2.1 (Java/17.0.6)
17:33:20.582 [main] DEBUG org.apache.hc.client5.http.wire -- http-outgoing-0 >> "DELETE /containers/a031e60f9d69d1ce8c5da2cff1fb8f3f241a7eeecd4dfc983eed5d1b429419e0 HTTP/1.1[\r][\n]"
17:33:20.582 [main] DEBUG org.apache.hc.client5.http.wire -- http-outgoing-0 >> "accept: application/json[\r][\n]"
17:33:20.582 [main] DEBUG org.apache.hc.client5.http.wire -- http-outgoing-0 >> "Accept-Encoding: gzip, x-gzip, deflate, br[\r][\n]"
17:33:20.582 [main] DEBUG org.apache.hc.client5.http.wire -- http-outgoing-0 >> "Host: localhost:2375[\r][\n]"
17:33:20.582 [main] DEBUG org.apache.hc.client5.http.wire -- http-outgoing-0 >> "Connection: keep-alive[\r][\n]"
17:33:20.582 [main] DEBUG org.apache.hc.client5.http.wire -- http-outgoing-0 >> "User-Agent: Apache-HttpClient/5.2.1 (Java/17.0.6)[\r][\n]"
17:33:20.582 [main] DEBUG org.apache.hc.client5.http.wire -- http-outgoing-0 >> "[\r][\n]"
17:33:20.587 [main] DEBUG org.apache.hc.client5.http.wire -- http-outgoing-0 << "HTTP/1.1 204 No Content[\r][\n]"
17:33:20.587 [main] DEBUG org.apache.hc.client5.http.wire -- http-outgoing-0 << "Api-Version: 1.44[\r][\n]"
17:33:20.587 [main] DEBUG org.apache.hc.client5.http.wire -- http-outgoing-0 << "Date: Wed, 13 Mar 2024 17:33:20 GMT[\r][\n]"
17:33:20.587 [main] DEBUG org.apache.hc.client5.http.wire -- http-outgoing-0 << "Docker-Experimental: false[\r][\n]"
17:33:20.587 [main] DEBUG org.apache.hc.client5.http.wire -- http-outgoing-0 << "Ostype: linux[\r][\n]"
17:33:20.587 [main] DEBUG org.apache.hc.client5.http.wire -- http-outgoing-0 << "Server: Docker/25.0.3 (linux)[\r][\n]"
17:33:20.587 [main] DEBUG org.apache.hc.client5.http.wire -- http-outgoing-0 << "[\r][\n]"
17:33:20.587 [main] DEBUG org.apache.hc.client5.http.headers -- http-outgoing-0 << HTTP/1.1 204 No Content
17:33:20.587 [main] DEBUG org.apache.hc.client5.http.headers -- http-outgoing-0 << Api-Version: 1.44
17:33:20.587 [main] DEBUG org.apache.hc.client5.http.headers -- http-outgoing-0 << Date: Wed, 13 Mar 2024 17:33:20 GMT
17:33:20.587 [main] DEBUG org.apache.hc.client5.http.headers -- http-outgoing-0 << Docker-Experimental: false
17:33:20.587 [main] DEBUG org.apache.hc.client5.http.headers -- http-outgoing-0 << Ostype: linux
17:33:20.587 [main] DEBUG org.apache.hc.client5.http.headers -- http-outgoing-0 << Server: Docker/25.0.3 (linux)
17:33:20.587 [main] DEBUG org.apache.hc.client5.http.impl.classic.MainClientExec -- ex-0000000009 connection can be kept alive for 3 MINUTES
17:33:20.587 [main] DEBUG org.apache.hc.client5.http.impl.classic.InternalHttpClient -- ep-0000000009 releasing valid endpoint
17:33:20.587 [main] DEBUG org.apache.hc.client5.http.impl.io.PoolingHttpClientConnectionManager -- ep-0000000009 releasing endpoint
17:33:20.588 [main] DEBUG org.apache.hc.client5.http.impl.io.PoolingHttpClientConnectionManager -- ep-0000000009 connection http-outgoing-0 can be kept alive for 3 MINUTES
17:33:20.588 [main] DEBUG org.apache.hc.client5.http.impl.io.PoolingHttpClientConnectionManager -- ep-0000000009 connection released [route: {}->unix://localhost:2375][total available: 1; route allocated: 1 of 2147483647; total allocated: 1 of 2147483647]
]]></system-out>
    <system-err><![CDATA[mar. 13, 2024 5:33:15 DA TARDE org.openqa.selenium.remote.tracing.opentelemetry.OpenTelemetryTracer createTracer
INFO: Using OpenTelemetry for tracing
]]></system-err>
  </testcase>
</testsuite>